{"C:\\Users\\willi\\Documents\\dev\\sandbox\\jhipster\\src\\main\\webapp\\app\\constants.ts": {"path":"C:\\Users\\willi\\Documents\\dev\\sandbox\\jhipster\\src\\main\\webapp\\app\\constants.ts","statementMap":{"0":{"start":{"line":2,"column":13},"end":{"line":2,"column":68}},"1":{"start":{"line":3,"column":13},"end":{"line":3,"column":80}},"2":{"start":{"line":4,"column":13},"end":{"line":4,"column":80}}},"fnMap":{},"branchMap":{},"s":{"0":2,"1":2,"2":2},"f":{},"b":{}}
,"C:\\Users\\willi\\Documents\\dev\\sandbox\\jhipster\\src\\main\\webapp\\app\\account\\account.service.ts": {"path":"C:\\Users\\willi\\Documents\\dev\\sandbox\\jhipster\\src\\main\\webapp\\app\\account\\account.service.ts","statementMap":{"0":{"start":{"line":1,"column":0},"end":{"line":1,"column":26}},"1":{"start":{"line":5,"column":0},"end":{"line":5,"column":null}},"2":{"start":{"line":6,"column":22},"end":{"line":6,"column":39}},"3":{"start":{"line":6,"column":49},"end":{"line":6,"column":66}},"4":{"start":{"line":7,"column":4},"end":{"line":7,"column":16}},"5":{"start":{"line":10,"column":9},"end":{"line":12,"column":null}},"6":{"start":{"line":11,"column":4},"end":{"line":11,"column":28}},"7":{"start":{"line":14,"column":9},"end":{"line":27,"column":null}},"8":{"start":{"line":14,"column":2},"end":{"line":14,"column":9}},"9":{"start":{"line":15,"column":4},"end":{"line":26,"column":7}},"10":{"start":{"line":16,"column":6},"end":{"line":25,"column":37}},"11":{"start":{"line":19,"column":10},"end":{"line":22,"column":null}},"12":{"start":{"line":20,"column":12},"end":{"line":20,"column":93}},"13":{"start":{"line":21,"column":12},"end":{"line":21,"column":79}},"14":{"start":{"line":23,"column":10},"end":{"line":23,"column":24}},"15":{"start":{"line":25,"column":21},"end":{"line":25,"column":36}},"16":{"start":{"line":29,"column":9},"end":{"line":56,"column":null}},"17":{"start":{"line":29,"column":2},"end":{"line":29,"column":9}},"18":{"start":{"line":30,"column":4},"end":{"line":55,"column":7}},"19":{"start":{"line":31,"column":6},"end":{"line":54,"column":11}},"20":{"start":{"line":34,"column":10},"end":{"line":34,"column":44}},"21":{"start":{"line":35,"column":26},"end":{"line":35,"column":39}},"22":{"start":{"line":36,"column":10},"end":{"line":48,"column":null}},"23":{"start":{"line":37,"column":12},"end":{"line":37,"column":56}},"24":{"start":{"line":38,"column":12},"end":{"line":41,"column":null}},"25":{"start":{"line":39,"column":14},"end":{"line":39,"column":75}},"26":{"start":{"line":40,"column":14},"end":{"line":40,"column":57}},"27":{"start":{"line":43,"column":12},"end":{"line":43,"column":40}},"28":{"start":{"line":44,"column":12},"end":{"line":46,"column":null}},"29":{"start":{"line":45,"column":14},"end":{"line":45,"column":36}},"30":{"start":{"line":47,"column":12},"end":{"line":47,"column":55}},"31":{"start":{"line":49,"column":10},"end":{"line":49,"column":24}},"32":{"start":{"line":52,"column":10},"end":{"line":52,"column":38}},"33":{"start":{"line":53,"column":10},"end":{"line":53,"column":25}},"34":{"start":{"line":58,"column":9},"end":{"line":77,"column":null}},"35":{"start":{"line":58,"column":2},"end":{"line":58,"column":9}},"36":{"start":{"line":59,"column":4},"end":{"line":61,"column":null}},"37":{"start":{"line":60,"column":6},"end":{"line":60,"column":34}},"38":{"start":{"line":63,"column":4},"end":{"line":74,"column":null}},"39":{"start":{"line":64,"column":20},"end":{"line":64,"column":120}},"40":{"start":{"line":65,"column":6},"end":{"line":72,"column":null}},"41":{"start":{"line":66,"column":8},"end":{"line":71,"column":11}},"42":{"start":{"line":67,"column":10},"end":{"line":69,"column":null}},"43":{"start":{"line":68,"column":12},"end":{"line":68,"column":54}},"44":{"start":{"line":70,"column":10},"end":{"line":70,"column":40}},"45":{"start":{"line":73,"column":6},"end":{"line":73,"column":36}},"46":{"start":{"line":76,"column":4},"end":{"line":76,"column":46}},"47":{"start":{"line":79,"column":2},"end":{"line":81,"column":null}},"48":{"start":{"line":80,"column":4},"end":{"line":80,"column":44}},"49":{"start":{"line":83,"column":2},"end":{"line":85,"column":null}},"50":{"start":{"line":84,"column":4},"end":{"line":84,"column":51}},"51":{"start":{"line":87,"column":10},"end":{"line":96,"column":null}},"52":{"start":{"line":88,"column":4},"end":{"line":94,"column":null}},"53":{"start":{"line":89,"column":6},"end":{"line":93,"column":null}},"54":{"start":{"line":89,"column":30},"end":{"line":89,"column":41}},"55":{"start":{"line":89,"column":26},"end":{"line":89,"column":30}},"56":{"start":{"line":90,"column":8},"end":{"line":92,"column":null}},"57":{"start":{"line":91,"column":10},"end":{"line":91,"column":39}},"58":{"start":{"line":95,"column":4},"end":{"line":95,"column":34}},"59":{"start":{"line":97,"column":0},"end":{"line":97,"column":null}}},"fnMap":{"0":{"name":"(anonymous_1)","decl":{"start":{"line":5,"column":0},"end":{"line":5,"column":null}},"loc":{"start":{"line":5,"column":0},"end":{"line":97,"column":null}}},"1":{"name":"AccountService","decl":{"start":{"line":6,"column":2},"end":{"line":6,"column":22}},"loc":{"start":{"line":6,"column":66},"end":{"line":8,"column":3}}},"2":{"name":"(anonymous_3)","decl":{"start":{"line":10,"column":2},"end":{"line":10,"column":9}},"loc":{"start":{"line":10,"column":2},"end":{"line":12,"column":3}}},"3":{"name":"(anonymous_4)","decl":{"start":{"line":14,"column":2},"end":{"line":14,"column":9}},"loc":{"start":{"line":14,"column":2},"end":{"line":27,"column":3}}},"4":{"name":"(anonymous_5)","decl":{"start":{"line":15,"column":23},"end":{"line":15,"column":30}},"loc":{"start":{"line":15,"column":30},"end":{"line":26,"column":5}}},"5":{"name":"(anonymous_6)","decl":{"start":{"line":18,"column":14},"end":{"line":18,"column":17}},"loc":{"start":{"line":18,"column":17},"end":{"line":24,"column":9}}},"6":{"name":"(anonymous_7)","decl":{"start":{"line":25,"column":15},"end":{"line":25,"column":21}},"loc":{"start":{"line":25,"column":15},"end":{"line":25,"column":28}}},"7":{"name":"(anonymous_8)","decl":{"start":{"line":29,"column":2},"end":{"line":29,"column":9}},"loc":{"start":{"line":29,"column":2},"end":{"line":56,"column":3}}},"8":{"name":"(anonymous_9)","decl":{"start":{"line":30,"column":23},"end":{"line":30,"column":30}},"loc":{"start":{"line":30,"column":30},"end":{"line":55,"column":5}}},"9":{"name":"(anonymous_10)","decl":{"start":{"line":33,"column":14},"end":{"line":33,"column":22}},"loc":{"start":{"line":33,"column":22},"end":{"line":50,"column":9}}},"10":{"name":"(anonymous_11)","decl":{"start":{"line":51,"column":15},"end":{"line":51,"column":null}},"loc":{"start":{"line":51,"column":15},"end":{"line":54,"column":9}}},"11":{"name":"(anonymous_12)","decl":{"start":{"line":58,"column":2},"end":{"line":58,"column":9}},"loc":{"start":{"line":58,"column":53},"end":{"line":77,"column":3}}},"12":{"name":"(anonymous_13)","decl":{"start":{"line":66,"column":43},"end":{"line":66,"column":47}},"loc":{"start":{"line":66,"column":47},"end":{"line":71,"column":9}}},"13":{"name":"(anonymous_14)","decl":{"start":{"line":79,"column":2},"end":{"line":79,"column":13}},"loc":{"start":{"line":79,"column":2},"end":{"line":81,"column":3}}},"14":{"name":"(anonymous_15)","decl":{"start":{"line":83,"column":2},"end":{"line":83,"column":13}},"loc":{"start":{"line":83,"column":2},"end":{"line":85,"column":3}}},"15":{"name":"(anonymous_16)","decl":{"start":{"line":87,"column":2},"end":{"line":87,"column":10}},"loc":{"start":{"line":87,"column":43},"end":{"line":96,"column":3}}}},"branchMap":{"0":{"loc":{"start":{"line":19,"column":10},"end":{"line":22,"column":null}},"type":"if","locations":[{"start":{"line":19,"column":10},"end":{"line":22,"column":null}}]},"1":{"loc":{"start":{"line":19,"column":14},"end":{"line":19,"column":49}},"type":"binary-expr","locations":[{"start":{"line":19,"column":14},"end":{"line":19,"column":22}},{"start":{"line":19,"column":26},"end":{"line":19,"column":49}}]},"2":{"loc":{"start":{"line":36,"column":10},"end":{"line":48,"column":null}},"type":"if","locations":[{"start":{"line":36,"column":10},"end":{"line":48,"column":null}},{"start":{"line":42,"column":17},"end":{"line":48,"column":null}}]},"3":{"loc":{"start":{"line":38,"column":12},"end":{"line":41,"column":null}},"type":"if","locations":[{"start":{"line":38,"column":12},"end":{"line":41,"column":null}}]},"4":{"loc":{"start":{"line":44,"column":12},"end":{"line":46,"column":null}},"type":"if","locations":[{"start":{"line":44,"column":12},"end":{"line":46,"column":null}}]},"5":{"loc":{"start":{"line":59,"column":4},"end":{"line":61,"column":null}},"type":"if","locations":[{"start":{"line":59,"column":4},"end":{"line":61,"column":null}}]},"6":{"loc":{"start":{"line":63,"column":4},"end":{"line":74,"column":null}},"type":"if","locations":[{"start":{"line":63,"column":4},"end":{"line":74,"column":null}}]},"7":{"loc":{"start":{"line":63,"column":8},"end":{"line":63,"column":52}},"type":"binary-expr","locations":[{"start":{"line":63,"column":8},"end":{"line":63,"column":27}},{"start":{"line":63,"column":31},"end":{"line":63,"column":52}}]},"8":{"loc":{"start":{"line":64,"column":20},"end":{"line":64,"column":120}},"type":"binary-expr","locations":[{"start":{"line":64,"column":20},"end":{"line":64,"column":67}},{"start":{"line":64,"column":71},"end":{"line":64,"column":120}}]},"9":{"loc":{"start":{"line":65,"column":6},"end":{"line":72,"column":null}},"type":"if","locations":[{"start":{"line":65,"column":6},"end":{"line":72,"column":null}}]},"10":{"loc":{"start":{"line":65,"column":10},"end":{"line":65,"column":75}},"type":"binary-expr","locations":[{"start":{"line":65,"column":10},"end":{"line":65,"column":37}},{"start":{"line":65,"column":41},"end":{"line":65,"column":66}},{"start":{"line":65,"column":70},"end":{"line":65,"column":75}}]},"11":{"loc":{"start":{"line":67,"column":10},"end":{"line":69,"column":null}},"type":"if","locations":[{"start":{"line":67,"column":10},"end":{"line":69,"column":null}}]},"12":{"loc":{"start":{"line":84,"column":11},"end":{"line":84,"column":50}},"type":"cond-expr","locations":[{"start":{"line":84,"column":37},"end":{"line":84,"column":39}},{"start":{"line":84,"column":37},"end":{"line":84,"column":50}}]},"13":{"loc":{"start":{"line":84,"column":11},"end":{"line":84,"column":39}},"type":"binary-expr","locations":[{"start":{"line":84,"column":11},"end":{"line":84,"column":39}},{"start":{"line":84,"column":37},"end":{"line":84,"column":39}}]},"14":{"loc":{"start":{"line":88,"column":4},"end":{"line":94,"column":null}},"type":"if","locations":[{"start":{"line":88,"column":4},"end":{"line":94,"column":null}}]},"15":{"loc":{"start":{"line":90,"column":8},"end":{"line":92,"column":null}},"type":"if","locations":[{"start":{"line":90,"column":8},"end":{"line":92,"column":null}}]}},"s":{"0":2,"1":2,"2":9,"3":9,"4":9,"5":2,"6":9,"7":2,"8":9,"9":9,"10":9,"11":8,"12":1,"13":1,"14":8,"15":1,"16":2,"17":4,"18":4,"19":4,"20":3,"21":3,"22":3,"23":1,"24":1,"25":1,"26":1,"27":2,"28":2,"29":0,"30":2,"31":3,"32":1,"33":1,"34":2,"35":4,"36":4,"37":4,"38":4,"39":2,"40":2,"41":2,"42":2,"43":1,"44":1,"45":0,"46":2,"47":2,"48":7,"49":2,"50":8,"51":2,"52":3,"53":3,"54":6,"55":3,"56":3,"57":2,"58":1,"59":2},"f":{"0":2,"1":9,"2":9,"3":9,"4":9,"5":8,"6":1,"7":4,"8":4,"9":3,"10":1,"11":4,"12":2,"13":7,"14":8,"15":3},"b":{"0":[1],"1":[8,2],"2":[1,2],"3":[1],"4":[0],"5":[4],"6":[2],"7":[4,2],"8":[2,0],"9":[2],"10":[2,2,2],"11":[1],"12":[0,8],"13":[8,8],"14":[3],"15":[2]}}
,"C:\\Users\\willi\\Documents\\dev\\sandbox\\jhipster\\src\\main\\webapp\\app\\account\\login.service.ts": {"path":"C:\\Users\\willi\\Documents\\dev\\sandbox\\jhipster\\src\\main\\webapp\\app\\account\\login.service.ts","statementMap":{"0":{"start":{"line":3,"column":0},"end":{"line":3,"column":null}},"1":{"start":{"line":4,"column":9},"end":{"line":6,"column":null}},"2":{"start":{"line":5,"column":4},"end":{"line":5,"column":52}},"3":{"start":{"line":7,"column":0},"end":{"line":7,"column":null}}},"fnMap":{"0":{"name":"(anonymous_0)","decl":{"start":{"line":3,"column":0},"end":{"line":3,"column":null}},"loc":{"start":{"line":3,"column":0},"end":{"line":7,"column":null}}},"1":{"name":"(anonymous_2)","decl":{"start":{"line":4,"column":2},"end":{"line":4,"column":9}},"loc":{"start":{"line":4,"column":32},"end":{"line":6,"column":3}}}},"branchMap":{},"s":{"0":3,"1":3,"2":1,"3":3},"f":{"0":4,"1":1},"b":{}}
,"C:\\Users\\willi\\Documents\\dev\\sandbox\\jhipster\\src\\main\\webapp\\app\\account\\activate\\activate.service.ts": {"path":"C:\\Users\\willi\\Documents\\dev\\sandbox\\jhipster\\src\\main\\webapp\\app\\account\\activate\\activate.service.ts","statementMap":{"0":{"start":{"line":1,"column":0},"end":{"line":1,"column":45}},"1":{"start":{"line":3,"column":0},"end":{"line":3,"column":null}},"2":{"start":{"line":7,"column":4},"end":{"line":7,"column":23}},"3":{"start":{"line":10,"column":9},"end":{"line":12,"column":null}},"4":{"start":{"line":11,"column":4},"end":{"line":11,"column":53}},"5":{"start":{"line":13,"column":0},"end":{"line":13,"column":null}}},"fnMap":{"0":{"name":"(anonymous_1)","decl":{"start":{"line":3,"column":0},"end":{"line":3,"column":null}},"loc":{"start":{"line":3,"column":0},"end":{"line":13,"column":null}}},"1":{"name":"ActivateService","decl":{"start":{"line":6,"column":2},"end":{"line":6,"column":null}},"loc":{"start":{"line":6,"column":2},"end":{"line":8,"column":3}}},"2":{"name":"(anonymous_3)","decl":{"start":{"line":10,"column":2},"end":{"line":10,"column":9}},"loc":{"start":{"line":10,"column":36},"end":{"line":12,"column":3}}}},"branchMap":{},"s":{"0":1,"1":1,"2":3,"3":1,"4":3,"5":1},"f":{"0":1,"1":3,"2":3},"b":{}}
,"C:\\Users\\willi\\Documents\\dev\\sandbox\\jhipster\\src\\main\\webapp\\app\\account\\activate\\activate.vue": {"path":"C:\\Users\\willi\\Documents\\dev\\sandbox\\jhipster\\src\\main\\webapp\\app\\account\\activate\\activate.vue","statementMap":{"0":{"start":{"line":1,"column":0},"end":{"line":1,"column":null}},"1":{"start":{"line":2,"column":0},"end":{"line":2,"column":null}},"2":{"start":{"line":7,"column":0},"end":{"line":41,"column":null}},"3":{"start":{"line":7,"column":0},"end":{"line":7,"column":null}},"4":{"start":{"line":12,"column":0},"end":{"line":12,"column":null}},"5":{"start":{"line":13,"column":0},"end":{"line":13,"column":null}},"6":{"start":{"line":15,"column":0},"end":{"line":21,"column":null}},"7":{"start":{"line":16,"column":0},"end":{"line":20,"column":null}},"8":{"start":{"line":17,"column":0},"end":{"line":19,"column":null}},"9":{"start":{"line":18,"column":0},"end":{"line":18,"column":null}},"10":{"start":{"line":23,"column":0},"end":{"line":36,"column":null}},"11":{"start":{"line":23,"column":0},"end":{"line":23,"column":null}},"12":{"start":{"line":24,"column":0},"end":{"line":34,"column":null}},"13":{"start":{"line":28,"column":0},"end":{"line":28,"column":null}},"14":{"start":{"line":29,"column":0},"end":{"line":29,"column":null}},"15":{"start":{"line":32,"column":0},"end":{"line":32,"column":null}},"16":{"start":{"line":33,"column":0},"end":{"line":33,"column":null}},"17":{"start":{"line":38,"column":0},"end":{"line":40,"column":null}},"18":{"start":{"line":39,"column":0},"end":{"line":39,"column":null}},"19":{"start":{"line":8,"column":0},"end":{"line":8,"column":null}},"20":{"start":{"line":10,"column":0},"end":{"line":10,"column":null}},"21":{"start":{"line":41,"column":0},"end":{"line":41,"column":null}}},"fnMap":{"0":{"name":"(anonymous_10)","decl":{"start":{"line":7,"column":0},"end":{"line":7,"column":null}},"loc":{"start":{"line":7,"column":0},"end":{"line":41,"column":null}}},"1":{"name":"(anonymous_12)","decl":{"start":{"line":15,"column":0},"end":{"line":15,"column":null}},"loc":{"start":{"line":15,"column":0},"end":{"line":21,"column":null}}},"2":{"name":"(anonymous_13)","decl":{"start":{"line":16,"column":0},"end":{"line":16,"column":null}},"loc":{"start":{"line":16,"column":0},"end":{"line":20,"column":null}}},"3":{"name":"(anonymous_14)","decl":{"start":{"line":23,"column":0},"end":{"line":23,"column":null}},"loc":{"start":{"line":23,"column":0},"end":{"line":36,"column":null}}},"4":{"name":"(anonymous_15)","decl":{"start":{"line":24,"column":0},"end":{"line":24,"column":null}},"loc":{"start":{"line":24,"column":0},"end":{"line":30,"column":null}}},"5":{"name":"(anonymous_16)","decl":{"start":{"line":30,"column":0},"end":{"line":30,"column":null}},"loc":{"start":{"line":30,"column":0},"end":{"line":34,"column":null}}},"6":{"name":"(anonymous_17)","decl":{"start":{"line":38,"column":0},"end":{"line":38,"column":null}},"loc":{"start":{"line":38,"column":0},"end":{"line":40,"column":null}}}},"branchMap":{"0":{"loc":{"start":{"line":7,"column":0},"end":{"line":7,"column":null}},"type":"binary-expr","locations":[{"start":{"line":7,"column":0},"end":{"line":7,"column":null}},{"start":{"line":7,"column":0},"end":{"line":7,"column":null}},{"start":{"line":7,"column":0},"end":{"line":7,"column":null}}]},"1":{"loc":{"start":{"line":17,"column":0},"end":{"line":19,"column":null}},"type":"if","locations":[{"start":{"line":17,"column":0},"end":{"line":19,"column":null}}]}},"s":{"0":1,"1":1,"2":1,"3":5,"4":3,"5":3,"6":1,"7":1,"8":1,"9":1,"10":1,"11":3,"12":3,"13":1,"14":1,"15":2,"16":2,"17":1,"18":0,"19":1,"20":1,"21":1},"f":{"0":4,"1":1,"2":1,"3":3,"4":1,"5":2,"6":0},"b":{"0":[3,3,3],"1":[1]}}
,"C:\\Users\\willi\\Documents\\dev\\sandbox\\jhipster\\src\\main\\webapp\\app\\account\\change-password\\change-password.vue": {"path":"C:\\Users\\willi\\Documents\\dev\\sandbox\\jhipster\\src\\main\\webapp\\app\\account\\change-password\\change-password.vue","statementMap":{"0":{"start":{"line":1,"column":0},"end":{"line":1,"column":null}},"1":{"start":{"line":2,"column":0},"end":{"line":2,"column":null}},"2":{"start":{"line":3,"column":0},"end":{"line":3,"column":null}},"3":{"start":{"line":4,"column":0},"end":{"line":4,"column":null}},"4":{"start":{"line":5,"column":0},"end":{"line":5,"column":null}},"5":{"start":{"line":7,"column":0},"end":{"line":7,"column":null}},"6":{"start":{"line":20,"column":0},"end":{"line":20,"column":null}},"7":{"start":{"line":32,"column":0},"end":{"line":68,"column":null}},"8":{"start":{"line":32,"column":0},"end":{"line":32,"column":null}},"9":{"start":{"line":33,"column":0},"end":{"line":33,"column":null}},"10":{"start":{"line":34,"column":0},"end":{"line":34,"column":null}},"11":{"start":{"line":35,"column":0},"end":{"line":35,"column":null}},"12":{"start":{"line":36,"column":0},"end":{"line":36,"column":null}},"13":{"start":{"line":42,"column":0},"end":{"line":63,"column":null}},"14":{"start":{"line":42,"column":0},"end":{"line":42,"column":null}},"15":{"start":{"line":43,"column":0},"end":{"line":62,"column":null}},"16":{"start":{"line":44,"column":0},"end":{"line":44,"column":null}},"17":{"start":{"line":45,"column":0},"end":{"line":45,"column":null}},"18":{"start":{"line":46,"column":0},"end":{"line":46,"column":null}},"19":{"start":{"line":48,"column":0},"end":{"line":48,"column":null}},"20":{"start":{"line":49,"column":0},"end":{"line":61,"column":null}},"21":{"start":{"line":55,"column":0},"end":{"line":55,"column":null}},"22":{"start":{"line":56,"column":0},"end":{"line":56,"column":null}},"23":{"start":{"line":59,"column":0},"end":{"line":59,"column":null}},"24":{"start":{"line":60,"column":0},"end":{"line":60,"column":null}},"25":{"start":{"line":65,"column":0},"end":{"line":65,"column":null}},"26":{"start":{"line":66,"column":0},"end":{"line":66,"column":null}},"27":{"start":{"line":32,"column":0},"end":{"line":26,"column":null}},"28":{"start":{"line":68,"column":0},"end":{"line":68,"column":null}}},"fnMap":{"0":{"name":"(anonymous_11)","decl":{"start":{"line":19,"column":0},"end":{"line":19,"column":null}},"loc":{"start":{"line":19,"column":0},"end":{"line":21,"column":null}}},"1":{"name":"(anonymous_12)","decl":{"start":{"line":32,"column":0},"end":{"line":32,"column":null}},"loc":{"start":{"line":32,"column":0},"end":{"line":68,"column":null}}},"2":{"name":"(anonymous_14)","decl":{"start":{"line":42,"column":0},"end":{"line":42,"column":null}},"loc":{"start":{"line":42,"column":0},"end":{"line":63,"column":null}}},"3":{"name":"(anonymous_15)","decl":{"start":{"line":50,"column":0},"end":{"line":50,"column":null}},"loc":{"start":{"line":50,"column":0},"end":{"line":57,"column":null}}},"4":{"name":"(anonymous_16)","decl":{"start":{"line":57,"column":0},"end":{"line":57,"column":null}},"loc":{"start":{"line":57,"column":0},"end":{"line":61,"column":null}}}},"branchMap":{"0":{"loc":{"start":{"line":32,"column":0},"end":{"line":32,"column":null}},"type":"binary-expr","locations":[{"start":{"line":32,"column":0},"end":{"line":32,"column":null}},{"start":{"line":32,"column":0},"end":{"line":32,"column":null}},{"start":{"line":32,"column":0},"end":{"line":32,"column":null}}]},"1":{"loc":{"start":{"line":43,"column":0},"end":{"line":62,"column":null}},"type":"if","locations":[{"start":{"line":43,"column":0},"end":{"line":62,"column":null}},{"start":{"line":47,"column":0},"end":{"line":62,"column":null}}]},"2":{"loc":{"start":{"line":66,"column":0},"end":{"line":66,"column":null}},"type":"cond-expr","locations":[{"start":{"line":66,"column":0},"end":{"line":66,"column":null}},{"start":{"line":66,"column":0},"end":{"line":66,"column":null}}]}},"s":{"0":1,"1":1,"2":1,"3":1,"4":1,"5":1,"6":6,"7":1,"8":4,"9":3,"10":3,"11":3,"12":3,"13":1,"14":3,"15":3,"16":1,"17":1,"18":1,"19":2,"20":2,"21":1,"22":1,"23":1,"24":1,"25":1,"26":0,"27":1,"28":1},"f":{"0":6,"1":4,"2":3,"3":1,"4":1},"b":{"0":[3,3,3],"1":[1,2],"2":[0,0]}}
,"C:\\Users\\willi\\Documents\\dev\\sandbox\\jhipster\\src\\main\\webapp\\app\\account\\login-form\\login-form.vue": {"path":"C:\\Users\\willi\\Documents\\dev\\sandbox\\jhipster\\src\\main\\webapp\\app\\account\\login-form\\login-form.vue","statementMap":{"0":{"start":{"line":1,"column":0},"end":{"line":1,"column":null}},"1":{"start":{"line":2,"column":0},"end":{"line":2,"column":null}},"2":{"start":{"line":3,"column":0},"end":{"line":3,"column":null}},"3":{"start":{"line":12,"column":0},"end":{"line":44,"column":null}},"4":{"start":{"line":12,"column":0},"end":{"line":12,"column":null}},"5":{"start":{"line":15,"column":0},"end":{"line":15,"column":null}},"6":{"start":{"line":16,"column":0},"end":{"line":16,"column":null}},"7":{"start":{"line":17,"column":0},"end":{"line":17,"column":null}},"8":{"start":{"line":18,"column":0},"end":{"line":18,"column":null}},"9":{"start":{"line":20,"column":0},"end":{"line":43,"column":null}},"10":{"start":{"line":20,"column":0},"end":{"line":20,"column":null}},"11":{"start":{"line":21,"column":0},"end":{"line":21,"column":null}},"12":{"start":{"line":22,"column":0},"end":{"line":42,"column":null}},"13":{"start":{"line":25,"column":0},"end":{"line":25,"column":null}},"14":{"start":{"line":26,"column":0},"end":{"line":35,"column":null}},"15":{"start":{"line":27,"column":0},"end":{"line":27,"column":null}},"16":{"start":{"line":28,"column":0},"end":{"line":34,"column":null}},"17":{"start":{"line":29,"column":0},"end":{"line":29,"column":null}},"18":{"start":{"line":30,"column":0},"end":{"line":30,"column":null}},"19":{"start":{"line":32,"column":0},"end":{"line":32,"column":null}},"20":{"start":{"line":33,"column":0},"end":{"line":33,"column":null}},"21":{"start":{"line":36,"column":0},"end":{"line":36,"column":null}},"22":{"start":{"line":37,"column":0},"end":{"line":37,"column":null}},"23":{"start":{"line":38,"column":0},"end":{"line":38,"column":null}},"24":{"start":{"line":41,"column":0},"end":{"line":41,"column":null}},"25":{"start":{"line":13,"column":0},"end":{"line":13,"column":null}},"26":{"start":{"line":12,"column":0},"end":{"line":5,"column":null}},"27":{"start":{"line":8,"column":0},"end":{"line":8,"column":null}},"28":{"start":{"line":44,"column":0},"end":{"line":44,"column":null}}},"fnMap":{"0":{"name":"(anonymous_10)","decl":{"start":{"line":12,"column":0},"end":{"line":12,"column":null}},"loc":{"start":{"line":12,"column":0},"end":{"line":44,"column":null}}},"1":{"name":"(anonymous_12)","decl":{"start":{"line":20,"column":0},"end":{"line":20,"column":null}},"loc":{"start":{"line":20,"column":0},"end":{"line":43,"column":null}}},"2":{"name":"(anonymous_13)","decl":{"start":{"line":22,"column":0},"end":{"line":22,"column":null}},"loc":{"start":{"line":22,"column":0},"end":{"line":39,"column":null}}},"3":{"name":"(anonymous_14)","decl":{"start":{"line":39,"column":0},"end":{"line":39,"column":null}},"loc":{"start":{"line":39,"column":0},"end":{"line":42,"column":null}}},"4":{"name":"(anonymous_15)","decl":{"start":{"line":7,"column":0},"end":{"line":7,"column":null}},"loc":{"start":{"line":7,"column":0},"end":{"line":9,"column":null}}}},"branchMap":{"0":{"loc":{"start":{"line":12,"column":0},"end":{"line":12,"column":null}},"type":"binary-expr","locations":[{"start":{"line":12,"column":0},"end":{"line":12,"column":null}},{"start":{"line":12,"column":0},"end":{"line":12,"column":null}},{"start":{"line":12,"column":0},"end":{"line":12,"column":null}}]},"1":{"loc":{"start":{"line":26,"column":0},"end":{"line":35,"column":null}},"type":"if","locations":[{"start":{"line":26,"column":0},"end":{"line":35,"column":null}}]},"2":{"loc":{"start":{"line":26,"column":0},"end":{"line":26,"column":null}},"type":"binary-expr","locations":[{"start":{"line":26,"column":0},"end":{"line":26,"column":null}},{"start":{"line":26,"column":0},"end":{"line":26,"column":null}}]},"3":{"loc":{"start":{"line":28,"column":0},"end":{"line":34,"column":null}},"type":"if","locations":[{"start":{"line":28,"column":0},"end":{"line":34,"column":null}},{"start":{"line":31,"column":0},"end":{"line":34,"column":null}}]}},"s":{"0":1,"1":1,"2":1,"3":1,"4":4,"5":3,"6":3,"7":3,"8":3,"9":1,"10":3,"11":3,"12":3,"13":2,"14":2,"15":2,"16":2,"17":1,"18":1,"19":1,"20":1,"21":2,"22":2,"23":2,"24":1,"25":1,"26":1,"27":0,"28":1},"f":{"0":4,"1":3,"2":2,"3":1,"4":0},"b":{"0":[3,3,3],"1":[2],"2":[2,2],"3":[1,1]}}
,"C:\\Users\\willi\\Documents\\dev\\sandbox\\jhipster\\src\\main\\webapp\\app\\account\\register\\register.service.ts": {"path":"C:\\Users\\willi\\Documents\\dev\\sandbox\\jhipster\\src\\main\\webapp\\app\\account\\register\\register.service.ts","statementMap":{"0":{"start":{"line":1,"column":0},"end":{"line":1,"column":26}},"1":{"start":{"line":3,"column":0},"end":{"line":3,"column":null}},"2":{"start":{"line":4,"column":9},"end":{"line":6,"column":null}},"3":{"start":{"line":5,"column":4},"end":{"line":5,"column":47}},"4":{"start":{"line":7,"column":0},"end":{"line":7,"column":null}}},"fnMap":{"0":{"name":"(anonymous_1)","decl":{"start":{"line":3,"column":0},"end":{"line":3,"column":null}},"loc":{"start":{"line":3,"column":0},"end":{"line":7,"column":null}}},"1":{"name":"(anonymous_3)","decl":{"start":{"line":4,"column":2},"end":{"line":4,"column":9}},"loc":{"start":{"line":4,"column":41},"end":{"line":6,"column":3}}}},"branchMap":{},"s":{"0":1,"1":1,"2":1,"3":4,"4":1},"f":{"0":5,"1":4},"b":{}}
,"C:\\Users\\willi\\Documents\\dev\\sandbox\\jhipster\\src\\main\\webapp\\app\\account\\register\\register.vue": {"path":"C:\\Users\\willi\\Documents\\dev\\sandbox\\jhipster\\src\\main\\webapp\\app\\account\\register\\register.vue","statementMap":{"0":{"start":{"line":1,"column":0},"end":{"line":1,"column":null}},"1":{"start":{"line":2,"column":0},"end":{"line":2,"column":null}},"2":{"start":{"line":3,"column":0},"end":{"line":3,"column":null}},"3":{"start":{"line":6,"column":0},"end":{"line":6,"column":null}},"4":{"start":{"line":8,"column":0},"end":{"line":8,"column":null}},"5":{"start":{"line":9,"column":0},"end":{"line":9,"column":null}},"6":{"start":{"line":35,"column":0},"end":{"line":35,"column":null}},"7":{"start":{"line":43,"column":0},"end":{"line":82,"column":null}},"8":{"start":{"line":43,"column":0},"end":{"line":43,"column":null}},"9":{"start":{"line":46,"column":0},"end":{"line":46,"column":null}},"10":{"start":{"line":51,"column":0},"end":{"line":51,"column":null}},"11":{"start":{"line":52,"column":0},"end":{"line":52,"column":null}},"12":{"start":{"line":53,"column":0},"end":{"line":53,"column":null}},"13":{"start":{"line":54,"column":0},"end":{"line":54,"column":null}},"14":{"start":{"line":55,"column":0},"end":{"line":55,"column":null}},"15":{"start":{"line":57,"column":0},"end":{"line":77,"column":null}},"16":{"start":{"line":57,"column":0},"end":{"line":57,"column":null}},"17":{"start":{"line":58,"column":0},"end":{"line":58,"column":null}},"18":{"start":{"line":59,"column":0},"end":{"line":59,"column":null}},"19":{"start":{"line":60,"column":0},"end":{"line":60,"column":null}},"20":{"start":{"line":61,"column":0},"end":{"line":61,"column":null}},"21":{"start":{"line":62,"column":0},"end":{"line":76,"column":null}},"22":{"start":{"line":65,"column":0},"end":{"line":65,"column":null}},"23":{"start":{"line":68,"column":0},"end":{"line":68,"column":null}},"24":{"start":{"line":69,"column":0},"end":{"line":75,"column":null}},"25":{"start":{"line":70,"column":0},"end":{"line":70,"column":null}},"26":{"start":{"line":71,"column":0},"end":{"line":75,"column":null}},"27":{"start":{"line":72,"column":0},"end":{"line":72,"column":null}},"28":{"start":{"line":74,"column":0},"end":{"line":74,"column":null}},"29":{"start":{"line":79,"column":0},"end":{"line":81,"column":null}},"30":{"start":{"line":80,"column":0},"end":{"line":80,"column":null}},"31":{"start":{"line":44,"column":0},"end":{"line":44,"column":null}},"32":{"start":{"line":45,"column":0},"end":{"line":45,"column":null}},"33":{"start":{"line":43,"column":0},"end":{"line":40,"column":null}},"34":{"start":{"line":82,"column":0},"end":{"line":82,"column":null}}},"fnMap":{"0":{"name":"(anonymous_10)","decl":{"start":{"line":34,"column":0},"end":{"line":34,"column":null}},"loc":{"start":{"line":34,"column":0},"end":{"line":36,"column":null}}},"1":{"name":"(anonymous_11)","decl":{"start":{"line":43,"column":0},"end":{"line":43,"column":null}},"loc":{"start":{"line":43,"column":0},"end":{"line":82,"column":null}}},"2":{"name":"(anonymous_13)","decl":{"start":{"line":57,"column":0},"end":{"line":57,"column":null}},"loc":{"start":{"line":57,"column":0},"end":{"line":77,"column":null}}},"3":{"name":"(anonymous_14)","decl":{"start":{"line":62,"column":0},"end":{"line":62,"column":null}},"loc":{"start":{"line":62,"column":0},"end":{"line":66,"column":null}}},"4":{"name":"(anonymous_15)","decl":{"start":{"line":66,"column":0},"end":{"line":66,"column":null}},"loc":{"start":{"line":66,"column":0},"end":{"line":76,"column":null}}},"5":{"name":"(anonymous_16)","decl":{"start":{"line":79,"column":0},"end":{"line":79,"column":null}},"loc":{"start":{"line":79,"column":0},"end":{"line":81,"column":null}}}},"branchMap":{"0":{"loc":{"start":{"line":43,"column":0},"end":{"line":43,"column":null}},"type":"binary-expr","locations":[{"start":{"line":43,"column":0},"end":{"line":43,"column":null}},{"start":{"line":43,"column":0},"end":{"line":43,"column":null}},{"start":{"line":43,"column":0},"end":{"line":43,"column":null}}]},"1":{"loc":{"start":{"line":69,"column":0},"end":{"line":75,"column":null}},"type":"if","locations":[{"start":{"line":69,"column":0},"end":{"line":75,"column":null}},{"start":{"line":71,"column":0},"end":{"line":75,"column":null}}]},"2":{"loc":{"start":{"line":69,"column":0},"end":{"line":69,"column":null}},"type":"binary-expr","locations":[{"start":{"line":69,"column":0},"end":{"line":69,"column":null}},{"start":{"line":69,"column":0},"end":{"line":69,"column":null}}]},"3":{"loc":{"start":{"line":71,"column":0},"end":{"line":75,"column":null}},"type":"if","locations":[{"start":{"line":71,"column":0},"end":{"line":75,"column":null}},{"start":{"line":73,"column":0},"end":{"line":75,"column":null}}]},"4":{"loc":{"start":{"line":71,"column":0},"end":{"line":71,"column":null}},"type":"binary-expr","locations":[{"start":{"line":71,"column":0},"end":{"line":71,"column":null}},{"start":{"line":71,"column":0},"end":{"line":71,"column":null}}]}},"s":{"0":1,"1":1,"2":1,"3":1,"4":1,"5":1,"6":4,"7":1,"8":7,"9":6,"10":6,"11":6,"12":6,"13":6,"14":6,"15":1,"16":4,"17":4,"18":4,"19":4,"20":4,"21":4,"22":1,"23":3,"24":3,"25":1,"26":2,"27":1,"28":1,"29":1,"30":1,"31":1,"32":1,"33":1,"34":1},"f":{"0":4,"1":7,"2":4,"3":1,"4":3,"5":1},"b":{"0":[6,6,6],"1":[1,2],"2":[3,3],"3":[1,1],"4":[2,2]}}
,"C:\\Users\\willi\\Documents\\dev\\sandbox\\jhipster\\src\\main\\webapp\\app\\account\\reset-password\\finish\\reset-password-finish.vue": {"path":"C:\\Users\\willi\\Documents\\dev\\sandbox\\jhipster\\src\\main\\webapp\\app\\account\\reset-password\\finish\\reset-password-finish.vue","statementMap":{"0":{"start":{"line":1,"column":0},"end":{"line":1,"column":null}},"1":{"start":{"line":2,"column":0},"end":{"line":2,"column":null}},"2":{"start":{"line":3,"column":0},"end":{"line":3,"column":null}},"3":{"start":{"line":6,"column":0},"end":{"line":6,"column":null}},"4":{"start":{"line":16,"column":0},"end":{"line":16,"column":null}},"5":{"start":{"line":25,"column":0},"end":{"line":68,"column":null}},"6":{"start":{"line":25,"column":0},"end":{"line":25,"column":null}},"7":{"start":{"line":29,"column":0},"end":{"line":29,"column":null}},"8":{"start":{"line":30,"column":0},"end":{"line":30,"column":null}},"9":{"start":{"line":31,"column":0},"end":{"line":31,"column":null}},"10":{"start":{"line":32,"column":0},"end":{"line":32,"column":null}},"11":{"start":{"line":34,"column":0},"end":{"line":34,"column":null}},"12":{"start":{"line":39,"column":0},"end":{"line":44,"column":null}},"13":{"start":{"line":40,"column":0},"end":{"line":42,"column":null}},"14":{"start":{"line":41,"column":0},"end":{"line":41,"column":null}},"15":{"start":{"line":43,"column":0},"end":{"line":43,"column":null}},"16":{"start":{"line":46,"column":0},"end":{"line":63,"column":null}},"17":{"start":{"line":46,"column":0},"end":{"line":46,"column":null}},"18":{"start":{"line":47,"column":0},"end":{"line":47,"column":null}},"19":{"start":{"line":48,"column":0},"end":{"line":48,"column":null}},"20":{"start":{"line":49,"column":0},"end":{"line":49,"column":null}},"21":{"start":{"line":50,"column":0},"end":{"line":62,"column":null}},"22":{"start":{"line":51,"column":0},"end":{"line":51,"column":null}},"23":{"start":{"line":53,"column":0},"end":{"line":61,"column":null}},"24":{"start":{"line":56,"column":0},"end":{"line":56,"column":null}},"25":{"start":{"line":59,"column":0},"end":{"line":59,"column":null}},"26":{"start":{"line":60,"column":0},"end":{"line":60,"column":null}},"27":{"start":{"line":65,"column":0},"end":{"line":67,"column":null}},"28":{"start":{"line":66,"column":0},"end":{"line":66,"column":null}},"29":{"start":{"line":26,"column":0},"end":{"line":26,"column":null}},"30":{"start":{"line":25,"column":0},"end":{"line":22,"column":null}},"31":{"start":{"line":68,"column":0},"end":{"line":68,"column":null}}},"fnMap":{"0":{"name":"(anonymous_10)","decl":{"start":{"line":15,"column":0},"end":{"line":15,"column":null}},"loc":{"start":{"line":15,"column":0},"end":{"line":17,"column":null}}},"1":{"name":"(anonymous_11)","decl":{"start":{"line":25,"column":0},"end":{"line":25,"column":null}},"loc":{"start":{"line":25,"column":0},"end":{"line":68,"column":null}}},"2":{"name":"(anonymous_13)","decl":{"start":{"line":39,"column":0},"end":{"line":39,"column":null}},"loc":{"start":{"line":39,"column":0},"end":{"line":44,"column":null}}},"3":{"name":"(anonymous_14)","decl":{"start":{"line":46,"column":0},"end":{"line":46,"column":null}},"loc":{"start":{"line":46,"column":0},"end":{"line":63,"column":null}}},"4":{"name":"(anonymous_15)","decl":{"start":{"line":53,"column":0},"end":{"line":53,"column":null}},"loc":{"start":{"line":53,"column":0},"end":{"line":57,"column":null}}},"5":{"name":"(anonymous_16)","decl":{"start":{"line":57,"column":0},"end":{"line":57,"column":null}},"loc":{"start":{"line":57,"column":0},"end":{"line":61,"column":null}}},"6":{"name":"(anonymous_17)","decl":{"start":{"line":65,"column":0},"end":{"line":65,"column":null}},"loc":{"start":{"line":65,"column":0},"end":{"line":67,"column":null}}}},"branchMap":{"0":{"loc":{"start":{"line":25,"column":0},"end":{"line":25,"column":null}},"type":"binary-expr","locations":[{"start":{"line":25,"column":0},"end":{"line":25,"column":null}},{"start":{"line":25,"column":0},"end":{"line":25,"column":null}},{"start":{"line":25,"column":0},"end":{"line":25,"column":null}}]},"1":{"loc":{"start":{"line":40,"column":0},"end":{"line":42,"column":null}},"type":"if","locations":[{"start":{"line":40,"column":0},"end":{"line":42,"column":null}}]},"2":{"loc":{"start":{"line":40,"column":0},"end":{"line":40,"column":null}},"type":"cond-expr","locations":[{"start":{"line":40,"column":0},"end":{"line":40,"column":null}},{"start":{"line":40,"column":0},"end":{"line":40,"column":null}}]},"3":{"loc":{"start":{"line":50,"column":0},"end":{"line":62,"column":null}},"type":"if","locations":[{"start":{"line":50,"column":0},"end":{"line":62,"column":null}},{"start":{"line":52,"column":0},"end":{"line":62,"column":null}}]}},"s":{"0":1,"1":1,"2":1,"3":1,"4":0,"5":1,"6":3,"7":2,"8":2,"9":2,"10":2,"11":2,"12":1,"13":2,"14":0,"15":2,"16":1,"17":2,"18":2,"19":2,"20":2,"21":2,"22":0,"23":2,"24":1,"25":1,"26":1,"27":1,"28":0,"29":1,"30":1,"31":1},"f":{"0":0,"1":3,"2":2,"3":2,"4":1,"5":1,"6":0},"b":{"0":[2,2,2],"1":[0],"2":[8,4],"3":[0,2]}}
,"C:\\Users\\willi\\Documents\\dev\\sandbox\\jhipster\\src\\main\\webapp\\app\\account\\reset-password\\init\\reset-password-init.vue": {"path":"C:\\Users\\willi\\Documents\\dev\\sandbox\\jhipster\\src\\main\\webapp\\app\\account\\reset-password\\init\\reset-password-init.vue","statementMap":{"0":{"start":{"line":1,"column":0},"end":{"line":1,"column":null}},"1":{"start":{"line":2,"column":0},"end":{"line":2,"column":null}},"2":{"start":{"line":3,"column":0},"end":{"line":3,"column":null}},"3":{"start":{"line":5,"column":0},"end":{"line":5,"column":null}},"4":{"start":{"line":23,"column":0},"end":{"line":46,"column":null}},"5":{"start":{"line":23,"column":0},"end":{"line":23,"column":null}},"6":{"start":{"line":24,"column":0},"end":{"line":24,"column":null}},"7":{"start":{"line":25,"column":0},"end":{"line":25,"column":null}},"8":{"start":{"line":26,"column":0},"end":{"line":26,"column":null}},"9":{"start":{"line":30,"column":0},"end":{"line":45,"column":null}},"10":{"start":{"line":30,"column":0},"end":{"line":30,"column":null}},"11":{"start":{"line":31,"column":0},"end":{"line":31,"column":null}},"12":{"start":{"line":32,"column":0},"end":{"line":44,"column":null}},"13":{"start":{"line":39,"column":0},"end":{"line":39,"column":null}},"14":{"start":{"line":42,"column":0},"end":{"line":42,"column":null}},"15":{"start":{"line":43,"column":0},"end":{"line":43,"column":null}},"16":{"start":{"line":23,"column":0},"end":{"line":20,"column":null}},"17":{"start":{"line":46,"column":0},"end":{"line":46,"column":null}}},"fnMap":{"0":{"name":"(anonymous_9)","decl":{"start":{"line":23,"column":0},"end":{"line":23,"column":null}},"loc":{"start":{"line":23,"column":0},"end":{"line":46,"column":null}}},"1":{"name":"(anonymous_11)","decl":{"start":{"line":30,"column":0},"end":{"line":30,"column":null}},"loc":{"start":{"line":30,"column":0},"end":{"line":45,"column":null}}},"2":{"name":"(anonymous_12)","decl":{"start":{"line":33,"column":0},"end":{"line":33,"column":null}},"loc":{"start":{"line":33,"column":0},"end":{"line":40,"column":null}}},"3":{"name":"(anonymous_13)","decl":{"start":{"line":40,"column":0},"end":{"line":40,"column":null}},"loc":{"start":{"line":40,"column":0},"end":{"line":44,"column":null}}}},"branchMap":{"0":{"loc":{"start":{"line":23,"column":0},"end":{"line":23,"column":null}},"type":"binary-expr","locations":[{"start":{"line":23,"column":0},"end":{"line":23,"column":null}},{"start":{"line":23,"column":0},"end":{"line":23,"column":null}},{"start":{"line":23,"column":0},"end":{"line":23,"column":null}}]}},"s":{"0":1,"1":1,"2":1,"3":1,"4":1,"5":3,"6":2,"7":2,"8":2,"9":1,"10":2,"11":2,"12":2,"13":1,"14":1,"15":1,"16":1,"17":1},"f":{"0":3,"1":2,"2":1,"3":1},"b":{"0":[2,2,2]}}
,"C:\\Users\\willi\\Documents\\dev\\sandbox\\jhipster\\src\\main\\webapp\\app\\account\\settings\\settings.vue": {"path":"C:\\Users\\willi\\Documents\\dev\\sandbox\\jhipster\\src\\main\\webapp\\app\\account\\settings\\settings.vue","statementMap":{"0":{"start":{"line":1,"column":0},"end":{"line":1,"column":null}},"1":{"start":{"line":2,"column":0},"end":{"line":2,"column":null}},"2":{"start":{"line":3,"column":0},"end":{"line":3,"column":null}},"3":{"start":{"line":4,"column":0},"end":{"line":4,"column":null}},"4":{"start":{"line":6,"column":0},"end":{"line":6,"column":null}},"5":{"start":{"line":30,"column":0},"end":{"line":63,"column":null}},"6":{"start":{"line":30,"column":0},"end":{"line":30,"column":null}},"7":{"start":{"line":31,"column":0},"end":{"line":31,"column":null}},"8":{"start":{"line":32,"column":0},"end":{"line":32,"column":null}},"9":{"start":{"line":33,"column":0},"end":{"line":33,"column":null}},"10":{"start":{"line":34,"column":0},"end":{"line":34,"column":null}},"11":{"start":{"line":36,"column":0},"end":{"line":54,"column":null}},"12":{"start":{"line":36,"column":0},"end":{"line":36,"column":null}},"13":{"start":{"line":37,"column":0},"end":{"line":37,"column":null}},"14":{"start":{"line":38,"column":0},"end":{"line":38,"column":null}},"15":{"start":{"line":39,"column":0},"end":{"line":53,"column":null}},"16":{"start":{"line":42,"column":0},"end":{"line":42,"column":null}},"17":{"start":{"line":43,"column":0},"end":{"line":43,"column":null}},"18":{"start":{"line":44,"column":0},"end":{"line":44,"column":null}},"19":{"start":{"line":47,"column":0},"end":{"line":47,"column":null}},"20":{"start":{"line":48,"column":0},"end":{"line":48,"column":null}},"21":{"start":{"line":49,"column":0},"end":{"line":52,"column":null}},"22":{"start":{"line":50,"column":0},"end":{"line":50,"column":null}},"23":{"start":{"line":51,"column":0},"end":{"line":51,"column":null}},"24":{"start":{"line":56,"column":0},"end":{"line":56,"column":null}},"25":{"start":{"line":57,"column":0},"end":{"line":57,"column":null}},"26":{"start":{"line":60,"column":0},"end":{"line":60,"column":null}},"27":{"start":{"line":61,"column":0},"end":{"line":61,"column":null}},"28":{"start":{"line":30,"column":0},"end":{"line":27,"column":null}},"29":{"start":{"line":63,"column":0},"end":{"line":63,"column":null}}},"fnMap":{"0":{"name":"(anonymous_9)","decl":{"start":{"line":30,"column":0},"end":{"line":30,"column":null}},"loc":{"start":{"line":30,"column":0},"end":{"line":63,"column":null}}},"1":{"name":"(anonymous_11)","decl":{"start":{"line":36,"column":0},"end":{"line":36,"column":null}},"loc":{"start":{"line":36,"column":0},"end":{"line":54,"column":null}}},"2":{"name":"(anonymous_12)","decl":{"start":{"line":39,"column":0},"end":{"line":39,"column":null}},"loc":{"start":{"line":39,"column":0},"end":{"line":45,"column":null}}},"3":{"name":"(anonymous_13)","decl":{"start":{"line":45,"column":0},"end":{"line":45,"column":null}},"loc":{"start":{"line":45,"column":0},"end":{"line":53,"column":null}}}},"branchMap":{"0":{"loc":{"start":{"line":30,"column":0},"end":{"line":30,"column":null}},"type":"binary-expr","locations":[{"start":{"line":30,"column":0},"end":{"line":30,"column":null}},{"start":{"line":30,"column":0},"end":{"line":30,"column":null}},{"start":{"line":30,"column":0},"end":{"line":30,"column":null}}]},"1":{"loc":{"start":{"line":34,"column":0},"end":{"line":34,"column":null}},"type":"binary-expr","locations":[{"start":{"line":34,"column":0},"end":{"line":34,"column":null}},{"start":{"line":34,"column":0},"end":{"line":34,"column":null}}]},"2":{"loc":{"start":{"line":49,"column":0},"end":{"line":52,"column":null}},"type":"if","locations":[{"start":{"line":49,"column":0},"end":{"line":52,"column":null}}]},"3":{"loc":{"start":{"line":49,"column":0},"end":{"line":49,"column":null}},"type":"binary-expr","locations":[{"start":{"line":49,"column":0},"end":{"line":49,"column":null}},{"start":{"line":49,"column":0},"end":{"line":49,"column":null}}]},"4":{"loc":{"start":{"line":61,"column":0},"end":{"line":61,"column":null}},"type":"cond-expr","locations":[{"start":{"line":61,"column":0},"end":{"line":61,"column":null}},{"start":{"line":61,"column":0},"end":{"line":61,"column":null}}]}},"s":{"0":1,"1":1,"2":1,"3":1,"4":1,"5":1,"6":6,"7":5,"8":5,"9":5,"10":5,"11":1,"12":5,"13":5,"14":5,"15":5,"16":2,"17":2,"18":2,"19":3,"20":3,"21":3,"22":1,"23":1,"24":1,"25":5,"26":1,"27":5,"28":1,"29":1},"f":{"0":6,"1":5,"2":2,"3":3},"b":{"0":[5,5,5],"1":[5,5],"2":[1],"3":[3,2],"4":[10,20]}}
,"C:\\Users\\willi\\Documents\\dev\\sandbox\\jhipster\\src\\main\\webapp\\app\\admin\\configuration\\configuration.service.ts": {"path":"C:\\Users\\willi\\Documents\\dev\\sandbox\\jhipster\\src\\main\\webapp\\app\\admin\\configuration\\configuration.service.ts","statementMap":{"0":{"start":{"line":1,"column":0},"end":{"line":1,"column":26}},"1":{"start":{"line":3,"column":0},"end":{"line":3,"column":null}},"2":{"start":{"line":4,"column":9},"end":{"line":22,"column":null}},"3":{"start":{"line":4,"column":2},"end":{"line":4,"column":9}},"4":{"start":{"line":5,"column":4},"end":{"line":21,"column":7}},"5":{"start":{"line":6,"column":6},"end":{"line":20,"column":9}},"6":{"start":{"line":7,"column":27},"end":{"line":7,"column":29}},"7":{"start":{"line":8,"column":33},"end":{"line":8,"column":74}},"8":{"start":{"line":9,"column":8},"end":{"line":13,"column":null}},"9":{"start":{"line":10,"column":10},"end":{"line":12,"column":null}},"10":{"start":{"line":11,"column":12},"end":{"line":11,"column":51}},"11":{"start":{"line":15,"column":8},"end":{"line":18,"column":11}},"12":{"start":{"line":16,"column":32},"end":{"line":16,"column":76}},"13":{"start":{"line":17,"column":10},"end":{"line":17,"column":75}},"14":{"start":{"line":19,"column":8},"end":{"line":19,"column":28}},"15":{"start":{"line":24,"column":9},"end":{"line":44,"column":null}},"16":{"start":{"line":25,"column":4},"end":{"line":43,"column":7}},"17":{"start":{"line":26,"column":6},"end":{"line":42,"column":9}},"18":{"start":{"line":27,"column":27},"end":{"line":27,"column":29}},"19":{"start":{"line":28,"column":32},"end":{"line":28,"column":59}},"20":{"start":{"line":30,"column":8},"end":{"line":40,"column":null}},"21":{"start":{"line":30,"column":37},"end":{"line":30,"column":52}},"22":{"start":{"line":30,"column":33},"end":{"line":30,"column":37}},"23":{"start":{"line":31,"column":23},"end":{"line":31,"column":45}},"24":{"start":{"line":32,"column":35},"end":{"line":32,"column":63}},"25":{"start":{"line":33,"column":23},"end":{"line":33,"column":25}},"26":{"start":{"line":34,"column":10},"end":{"line":38,"column":null}},"27":{"start":{"line":35,"column":12},"end":{"line":37,"column":null}},"28":{"start":{"line":36,"column":14},"end":{"line":36,"column":87}},"29":{"start":{"line":39,"column":10},"end":{"line":39,"column":34}},"30":{"start":{"line":41,"column":8},"end":{"line":41,"column":28}},"31":{"start":{"line":46,"column":10},"end":{"line":60,"column":null}},"32":{"start":{"line":48,"column":4},"end":{"line":57,"column":null}},"33":{"start":{"line":49,"column":6},"end":{"line":56,"column":null}},"34":{"start":{"line":53,"column":8},"end":{"line":55,"column":null}},"35":{"start":{"line":54,"column":10},"end":{"line":54,"column":47}},"36":{"start":{"line":59,"column":4},"end":{"line":59,"column":48}},"37":{"start":{"line":61,"column":0},"end":{"line":61,"column":null}}},"fnMap":{"0":{"name":"(anonymous_1)","decl":{"start":{"line":3,"column":0},"end":{"line":3,"column":null}},"loc":{"start":{"line":3,"column":0},"end":{"line":61,"column":null}}},"1":{"name":"(anonymous_3)","decl":{"start":{"line":4,"column":2},"end":{"line":4,"column":9}},"loc":{"start":{"line":4,"column":2},"end":{"line":22,"column":3}}},"2":{"name":"(anonymous_4)","decl":{"start":{"line":5,"column":23},"end":{"line":5,"column":30}},"loc":{"start":{"line":5,"column":30},"end":{"line":21,"column":5}}},"3":{"name":"(anonymous_5)","decl":{"start":{"line":6,"column":47},"end":{"line":6,"column":50}},"loc":{"start":{"line":6,"column":50},"end":{"line":20,"column":7}}},"4":{"name":"(anonymous_6)","decl":{"start":{"line":15,"column":24},"end":{"line":15,"column":25}},"loc":{"start":{"line":15,"column":45},"end":{"line":18,"column":9}}},"5":{"name":"(anonymous_7)","decl":{"start":{"line":24,"column":2},"end":{"line":24,"column":9}},"loc":{"start":{"line":24,"column":2},"end":{"line":44,"column":3}}},"6":{"name":"(anonymous_8)","decl":{"start":{"line":25,"column":23},"end":{"line":25,"column":30}},"loc":{"start":{"line":25,"column":30},"end":{"line":43,"column":5}}},"7":{"name":"(anonymous_9)","decl":{"start":{"line":26,"column":44},"end":{"line":26,"column":47}},"loc":{"start":{"line":26,"column":47},"end":{"line":42,"column":7}}},"8":{"name":"(anonymous_10)","decl":{"start":{"line":46,"column":2},"end":{"line":46,"column":10}},"loc":{"start":{"line":46,"column":40},"end":{"line":60,"column":3}}}},"branchMap":{"0":{"loc":{"start":{"line":10,"column":10},"end":{"line":12,"column":null}},"type":"if","locations":[{"start":{"line":10,"column":10},"end":{"line":12,"column":null}}]},"1":{"loc":{"start":{"line":16,"column":32},"end":{"line":16,"column":76}},"type":"cond-expr","locations":[{"start":{"line":16,"column":70},"end":{"line":16,"column":72}},{"start":{"line":16,"column":75},"end":{"line":16,"column":76}}]},"2":{"loc":{"start":{"line":17,"column":17},"end":{"line":17,"column":74}},"type":"cond-expr","locations":[{"start":{"line":17,"column":57},"end":{"line":17,"column":58}},{"start":{"line":17,"column":61},"end":{"line":17,"column":74}}]},"3":{"loc":{"start":{"line":35,"column":12},"end":{"line":37,"column":null}},"type":"if","locations":[{"start":{"line":35,"column":12},"end":{"line":37,"column":null}}]},"4":{"loc":{"start":{"line":48,"column":4},"end":{"line":57,"column":null}},"type":"if","locations":[{"start":{"line":48,"column":4},"end":{"line":57,"column":null}}]},"5":{"loc":{"start":{"line":53,"column":8},"end":{"line":55,"column":null}},"type":"if","locations":[{"start":{"line":53,"column":8},"end":{"line":55,"column":null}}]}},"s":{"0":1,"1":1,"2":1,"3":5,"4":5,"5":5,"6":5,"7":5,"8":5,"9":10,"10":10,"11":5,"12":5,"13":5,"14":5,"15":1,"16":5,"17":5,"18":5,"19":5,"20":5,"21":10,"22":5,"23":5,"24":5,"25":5,"26":5,"27":5,"28":5,"29":5,"30":5,"31":1,"32":5,"33":5,"34":5,"35":5,"36":0,"37":1},"f":{"0":11,"1":5,"2":5,"3":5,"4":5,"5":5,"6":5,"7":5,"8":5},"b":{"0":[10],"1":[0,5],"2":[0,5],"3":[5],"4":[5],"5":[5]}}
,"C:\\Users\\willi\\Documents\\dev\\sandbox\\jhipster\\src\\main\\webapp\\app\\admin\\configuration\\configuration.vue": {"path":"C:\\Users\\willi\\Documents\\dev\\sandbox\\jhipster\\src\\main\\webapp\\app\\admin\\configuration\\configuration.vue","statementMap":{"0":{"start":{"line":1,"column":0},"end":{"line":1,"column":null}},"1":{"start":{"line":2,"column":0},"end":{"line":2,"column":null}},"2":{"start":{"line":8,"column":0},"end":{"line":49,"column":null}},"3":{"start":{"line":8,"column":0},"end":{"line":8,"column":null}},"4":{"start":{"line":9,"column":0},"end":{"line":9,"column":null}},"5":{"start":{"line":10,"column":0},"end":{"line":10,"column":null}},"6":{"start":{"line":11,"column":0},"end":{"line":11,"column":null}},"7":{"start":{"line":12,"column":0},"end":{"line":12,"column":null}},"8":{"start":{"line":13,"column":0},"end":{"line":13,"column":null}},"9":{"start":{"line":14,"column":0},"end":{"line":14,"column":null}},"10":{"start":{"line":17,"column":0},"end":{"line":19,"column":null}},"11":{"start":{"line":18,"column":0},"end":{"line":18,"column":null}},"12":{"start":{"line":21,"column":0},"end":{"line":39,"column":null}},"13":{"start":{"line":21,"column":0},"end":{"line":21,"column":null}},"14":{"start":{"line":22,"column":0},"end":{"line":32,"column":null}},"15":{"start":{"line":25,"column":0},"end":{"line":25,"column":null}},"16":{"start":{"line":27,"column":0},"end":{"line":31,"column":null}},"17":{"start":{"line":27,"column":0},"end":{"line":27,"column":null}},"18":{"start":{"line":28,"column":0},"end":{"line":30,"column":null}},"19":{"start":{"line":29,"column":0},"end":{"line":29,"column":null}},"20":{"start":{"line":34,"column":0},"end":{"line":38,"column":null}},"21":{"start":{"line":37,"column":0},"end":{"line":37,"column":null}},"22":{"start":{"line":41,"column":0},"end":{"line":44,"column":null}},"23":{"start":{"line":42,"column":0},"end":{"line":42,"column":null}},"24":{"start":{"line":43,"column":0},"end":{"line":43,"column":null}},"25":{"start":{"line":46,"column":0},"end":{"line":48,"column":null}},"26":{"start":{"line":47,"column":0},"end":{"line":47,"column":null}},"27":{"start":{"line":15,"column":0},"end":{"line":15,"column":null}},"28":{"start":{"line":8,"column":0},"end":{"line":5,"column":null}},"29":{"start":{"line":49,"column":0},"end":{"line":49,"column":null}}},"fnMap":{"0":{"name":"(anonymous_10)","decl":{"start":{"line":8,"column":0},"end":{"line":8,"column":null}},"loc":{"start":{"line":8,"column":0},"end":{"line":49,"column":null}}},"1":{"name":"(anonymous_12)","decl":{"start":{"line":17,"column":0},"end":{"line":17,"column":null}},"loc":{"start":{"line":17,"column":0},"end":{"line":19,"column":null}}},"2":{"name":"(anonymous_13)","decl":{"start":{"line":21,"column":0},"end":{"line":21,"column":null}},"loc":{"start":{"line":21,"column":0},"end":{"line":39,"column":null}}},"3":{"name":"(anonymous_14)","decl":{"start":{"line":22,"column":0},"end":{"line":22,"column":null}},"loc":{"start":{"line":22,"column":0},"end":{"line":32,"column":null}}},"4":{"name":"(anonymous_15)","decl":{"start":{"line":34,"column":0},"end":{"line":34,"column":null}},"loc":{"start":{"line":34,"column":0},"end":{"line":38,"column":null}}},"5":{"name":"(anonymous_16)","decl":{"start":{"line":41,"column":0},"end":{"line":41,"column":null}},"loc":{"start":{"line":41,"column":0},"end":{"line":44,"column":null}}},"6":{"name":"(anonymous_17)","decl":{"start":{"line":46,"column":0},"end":{"line":46,"column":null}},"loc":{"start":{"line":46,"column":0},"end":{"line":48,"column":null}}}},"branchMap":{"0":{"loc":{"start":{"line":8,"column":0},"end":{"line":8,"column":null}},"type":"binary-expr","locations":[{"start":{"line":8,"column":0},"end":{"line":8,"column":null}},{"start":{"line":8,"column":0},"end":{"line":8,"column":null}},{"start":{"line":8,"column":0},"end":{"line":8,"column":null}}]},"1":{"loc":{"start":{"line":28,"column":0},"end":{"line":30,"column":null}},"type":"if","locations":[{"start":{"line":28,"column":0},"end":{"line":30,"column":null}}]},"2":{"loc":{"start":{"line":47,"column":0},"end":{"line":47,"column":null}},"type":"cond-expr","locations":[{"start":{"line":47,"column":0},"end":{"line":47,"column":null}},{"start":{"line":47,"column":0},"end":{"line":47,"column":null}}]}},"s":{"0":1,"1":1,"2":1,"3":5,"4":4,"5":4,"6":4,"7":4,"8":4,"9":4,"10":1,"11":4,"12":1,"13":5,"14":5,"15":5,"16":5,"17":20,"18":10,"19":0,"20":5,"21":5,"22":1,"23":1,"24":1,"25":1,"26":20,"27":1,"28":1,"29":1},"f":{"0":5,"1":4,"2":5,"3":5,"4":5,"5":1,"6":20},"b":{"0":[4,4,4],"1":[0],"2":[13,7]}}
,"C:\\Users\\willi\\Documents\\dev\\sandbox\\jhipster\\src\\main\\webapp\\app\\admin\\health\\health-modal.vue": {"path":"C:\\Users\\willi\\Documents\\dev\\sandbox\\jhipster\\src\\main\\webapp\\app\\admin\\health\\health-modal.vue","statementMap":{"0":{"start":{"line":2,"column":0},"end":{"line":2,"column":null}},"1":{"start":{"line":5,"column":0},"end":{"line":33,"column":null}},"2":{"start":{"line":5,"column":0},"end":{"line":5,"column":null}},"3":{"start":{"line":9,"column":0},"end":{"line":11,"column":null}},"4":{"start":{"line":10,"column":0},"end":{"line":10,"column":null}},"5":{"start":{"line":13,"column":0},"end":{"line":15,"column":null}},"6":{"start":{"line":14,"column":0},"end":{"line":14,"column":null}},"7":{"start":{"line":17,"column":0},"end":{"line":32,"column":null}},"8":{"start":{"line":18,"column":0},"end":{"line":26,"column":null}},"9":{"start":{"line":20,"column":0},"end":{"line":20,"column":null}},"10":{"start":{"line":21,"column":0},"end":{"line":24,"column":null}},"11":{"start":{"line":23,"column":0},"end":{"line":23,"column":null}},"12":{"start":{"line":25,"column":0},"end":{"line":25,"column":null}},"13":{"start":{"line":28,"column":0},"end":{"line":30,"column":null}},"14":{"start":{"line":29,"column":0},"end":{"line":29,"column":null}},"15":{"start":{"line":31,"column":0},"end":{"line":31,"column":null}},"16":{"start":{"line":6,"column":0},"end":{"line":6,"column":null}},"17":{"start":{"line":7,"column":0},"end":{"line":7,"column":null}},"18":{"start":{"line":33,"column":0},"end":{"line":33,"column":null}}},"fnMap":{"0":{"name":"(anonymous_9)","decl":{"start":{"line":5,"column":0},"end":{"line":5,"column":null}},"loc":{"start":{"line":5,"column":0},"end":{"line":33,"column":null}}},"1":{"name":"(anonymous_11)","decl":{"start":{"line":9,"column":0},"end":{"line":9,"column":null}},"loc":{"start":{"line":9,"column":0},"end":{"line":11,"column":null}}},"2":{"name":"(anonymous_12)","decl":{"start":{"line":13,"column":0},"end":{"line":13,"column":null}},"loc":{"start":{"line":13,"column":0},"end":{"line":15,"column":null}}},"3":{"name":"(anonymous_13)","decl":{"start":{"line":17,"column":0},"end":{"line":17,"column":null}},"loc":{"start":{"line":17,"column":0},"end":{"line":32,"column":null}}}},"branchMap":{"0":{"loc":{"start":{"line":18,"column":0},"end":{"line":26,"column":null}},"type":"if","locations":[{"start":{"line":18,"column":0},"end":{"line":26,"column":null}}]},"1":{"loc":{"start":{"line":21,"column":0},"end":{"line":24,"column":null}},"type":"if","locations":[{"start":{"line":21,"column":0},"end":{"line":24,"column":null}}]},"2":{"loc":{"start":{"line":28,"column":0},"end":{"line":30,"column":null}},"type":"if","locations":[{"start":{"line":28,"column":0},"end":{"line":30,"column":null}}]}},"s":{"0":2,"1":2,"2":4,"3":2,"4":1,"5":2,"6":1,"7":2,"8":4,"9":2,"10":2,"11":1,"12":1,"13":2,"14":1,"15":1,"16":2,"17":2,"18":2},"f":{"0":8,"1":1,"2":1,"3":4},"b":{"0":[2],"1":[1],"2":[1]}}
,"C:\\Users\\willi\\Documents\\dev\\sandbox\\jhipster\\src\\main\\webapp\\app\\admin\\health\\health.service.ts": {"path":"C:\\Users\\willi\\Documents\\dev\\sandbox\\jhipster\\src\\main\\webapp\\app\\admin\\health\\health.service.ts","statementMap":{"0":{"start":{"line":1,"column":0},"end":{"line":1,"column":44}},"1":{"start":{"line":3,"column":0},"end":{"line":3,"column":null}},"2":{"start":{"line":7,"column":4},"end":{"line":7,"column":25}},"3":{"start":{"line":10,"column":9},"end":{"line":12,"column":null}},"4":{"start":{"line":11,"column":4},"end":{"line":11,"column":42}},"5":{"start":{"line":14,"column":9},"end":{"line":18,"column":null}},"6":{"start":{"line":15,"column":21},"end":{"line":15,"column":23}},"7":{"start":{"line":16,"column":4},"end":{"line":16,"column":60}},"8":{"start":{"line":17,"column":4},"end":{"line":17,"column":20}},"9":{"start":{"line":20,"column":9},"end":{"line":25,"column":null}},"10":{"start":{"line":21,"column":4},"end":{"line":24,"column":null}},"11":{"start":{"line":22,"column":20},"end":{"line":22,"column":35}},"12":{"start":{"line":23,"column":6},"end":{"line":23,"column":22}},"13":{"start":{"line":27,"column":9},"end":{"line":34,"column":null}},"14":{"start":{"line":28,"column":4},"end":{"line":33,"column":null}},"15":{"start":{"line":29,"column":20},"end":{"line":29,"column":35}},"16":{"start":{"line":30,"column":6},"end":{"line":30,"column":25}},"17":{"start":{"line":31,"column":24},"end":{"line":31,"column":39}},"18":{"start":{"line":32,"column":6},"end":{"line":32,"column":48}},"19":{"start":{"line":36,"column":9},"end":{"line":70,"column":null}},"20":{"start":{"line":37,"column":23},"end":{"line":41,"column":6}},"21":{"start":{"line":43,"column":20},"end":{"line":43,"column":22}},"22":{"start":{"line":44,"column":21},"end":{"line":44,"column":26}},"23":{"start":{"line":46,"column":4},"end":{"line":58,"column":null}},"24":{"start":{"line":47,"column":6},"end":{"line":57,"column":null}},"25":{"start":{"line":48,"column":22},"end":{"line":48,"column":39}},"26":{"start":{"line":49,"column":8},"end":{"line":56,"column":null}},"27":{"start":{"line":50,"column":10},"end":{"line":50,"column":34}},"28":{"start":{"line":52,"column":10},"end":{"line":55,"column":null}},"29":{"start":{"line":53,"column":12},"end":{"line":53,"column":33}},"30":{"start":{"line":54,"column":12},"end":{"line":54,"column":30}},"31":{"start":{"line":61,"column":4},"end":{"line":63,"column":null}},"32":{"start":{"line":62,"column":6},"end":{"line":62,"column":35}},"33":{"start":{"line":66,"column":4},"end":{"line":68,"column":null}},"34":{"start":{"line":67,"column":6},"end":{"line":67,"column":30}},"35":{"start":{"line":69,"column":4},"end":{"line":69,"column":22}},"36":{"start":{"line":72,"column":9},"end":{"line":87,"column":null}},"37":{"start":{"line":73,"column":4},"end":{"line":85,"column":null}},"38":{"start":{"line":74,"column":6},"end":{"line":84,"column":null}},"39":{"start":{"line":75,"column":22},"end":{"line":75,"column":31}},"40":{"start":{"line":76,"column":8},"end":{"line":83,"column":null}},"41":{"start":{"line":77,"column":10},"end":{"line":82,"column":null}},"42":{"start":{"line":78,"column":12},"end":{"line":78,"column":86}},"43":{"start":{"line":79,"column":12},"end":{"line":79,"column":81}},"44":{"start":{"line":81,"column":12},"end":{"line":81,"column":85}},"45":{"start":{"line":86,"column":4},"end":{"line":86,"column":18}},"46":{"start":{"line":89,"column":9},"end":{"line":99,"column":null}},"47":{"start":{"line":90,"column":4},"end":{"line":98,"column":null}},"48":{"start":{"line":91,"column":6},"end":{"line":91,"column":42}},"49":{"start":{"line":92,"column":11},"end":{"line":98,"column":null}},"50":{"start":{"line":93,"column":6},"end":{"line":93,"column":18}},"51":{"start":{"line":94,"column":11},"end":{"line":98,"column":null}},"52":{"start":{"line":95,"column":6},"end":{"line":95,"column":18}},"53":{"start":{"line":97,"column":6},"end":{"line":97,"column":16}},"54":{"start":{"line":101,"column":9},"end":{"line":113,"column":null}},"55":{"start":{"line":102,"column":17},"end":{"line":102,"column":22}},"56":{"start":{"line":104,"column":4},"end":{"line":111,"column":null}},"57":{"start":{"line":105,"column":6},"end":{"line":110,"column":null}},"58":{"start":{"line":106,"column":22},"end":{"line":106,"column":39}},"59":{"start":{"line":107,"column":8},"end":{"line":109,"column":null}},"60":{"start":{"line":108,"column":10},"end":{"line":108,"column":24}},"61":{"start":{"line":112,"column":4},"end":{"line":112,"column":18}},"62":{"start":{"line":115,"column":9},"end":{"line":126,"column":null}},"63":{"start":{"line":116,"column":17},"end":{"line":116,"column":22}},"64":{"start":{"line":118,"column":4},"end":{"line":124,"column":null}},"65":{"start":{"line":119,"column":6},"end":{"line":123,"column":null}},"66":{"start":{"line":120,"column":8},"end":{"line":122,"column":null}},"67":{"start":{"line":121,"column":10},"end":{"line":121,"column":24}},"68":{"start":{"line":125,"column":4},"end":{"line":125,"column":18}},"69":{"start":{"line":127,"column":0},"end":{"line":127,"column":null}}},"fnMap":{"0":{"name":"(anonymous_1)","decl":{"start":{"line":3,"column":0},"end":{"line":3,"column":null}},"loc":{"start":{"line":3,"column":0},"end":{"line":127,"column":null}}},"1":{"name":"HealthService","decl":{"start":{"line":6,"column":2},"end":{"line":6,"column":null}},"loc":{"start":{"line":6,"column":2},"end":{"line":8,"column":3}}},"2":{"name":"(anonymous_3)","decl":{"start":{"line":10,"column":2},"end":{"line":10,"column":9}},"loc":{"start":{"line":10,"column":2},"end":{"line":12,"column":3}}},"3":{"name":"(anonymous_4)","decl":{"start":{"line":14,"column":2},"end":{"line":14,"column":9}},"loc":{"start":{"line":14,"column":38},"end":{"line":18,"column":3}}},"4":{"name":"(anonymous_5)","decl":{"start":{"line":20,"column":2},"end":{"line":20,"column":9}},"loc":{"start":{"line":20,"column":33},"end":{"line":25,"column":3}}},"5":{"name":"(anonymous_6)","decl":{"start":{"line":27,"column":2},"end":{"line":27,"column":9}},"loc":{"start":{"line":27,"column":38},"end":{"line":34,"column":3}}},"6":{"name":"(anonymous_7)","decl":{"start":{"line":36,"column":2},"end":{"line":36,"column":9}},"loc":{"start":{"line":36,"column":86},"end":{"line":70,"column":3}}},"7":{"name":"(anonymous_8)","decl":{"start":{"line":72,"column":2},"end":{"line":72,"column":9}},"loc":{"start":{"line":72,"column":60},"end":{"line":87,"column":3}}},"8":{"name":"(anonymous_9)","decl":{"start":{"line":89,"column":2},"end":{"line":89,"column":9}},"loc":{"start":{"line":89,"column":46},"end":{"line":99,"column":3}}},"9":{"name":"(anonymous_10)","decl":{"start":{"line":101,"column":2},"end":{"line":101,"column":9}},"loc":{"start":{"line":101,"column":39},"end":{"line":113,"column":3}}},"10":{"name":"(anonymous_11)","decl":{"start":{"line":115,"column":2},"end":{"line":115,"column":9}},"loc":{"start":{"line":115,"column":41},"end":{"line":126,"column":3}}}},"branchMap":{"0":{"loc":{"start":{"line":21,"column":4},"end":{"line":24,"column":null}},"type":"if","locations":[{"start":{"line":21,"column":4},"end":{"line":24,"column":null}}]},"1":{"loc":{"start":{"line":28,"column":4},"end":{"line":33,"column":null}},"type":"if","locations":[{"start":{"line":28,"column":4},"end":{"line":33,"column":null}}]},"2":{"loc":{"start":{"line":32,"column":13},"end":{"line":32,"column":47}},"type":"cond-expr","locations":[{"start":{"line":32,"column":25},"end":{"line":32,"column":42}},{"start":{"line":32,"column":45},"end":{"line":32,"column":47}}]},"3":{"loc":{"start":{"line":47,"column":6},"end":{"line":57,"column":null}},"type":"if","locations":[{"start":{"line":47,"column":6},"end":{"line":57,"column":null}}]},"4":{"loc":{"start":{"line":49,"column":8},"end":{"line":56,"column":null}},"type":"if","locations":[{"start":{"line":49,"column":8},"end":{"line":56,"column":null}},{"start":{"line":51,"column":15},"end":{"line":56,"column":null}}]},"5":{"loc":{"start":{"line":49,"column":12},"end":{"line":49,"column":47}},"type":"binary-expr","locations":[{"start":{"line":49,"column":12},"end":{"line":49,"column":28}},{"start":{"line":49,"column":32},"end":{"line":49,"column":47}}]},"6":{"loc":{"start":{"line":52,"column":10},"end":{"line":55,"column":null}},"type":"if","locations":[{"start":{"line":52,"column":10},"end":{"line":55,"column":null}}]},"7":{"loc":{"start":{"line":61,"column":4},"end":{"line":63,"column":null}},"type":"if","locations":[{"start":{"line":61,"column":4},"end":{"line":63,"column":null}}]},"8":{"loc":{"start":{"line":66,"column":4},"end":{"line":68,"column":null}},"type":"if","locations":[{"start":{"line":66,"column":4},"end":{"line":68,"column":null}}]},"9":{"loc":{"start":{"line":66,"column":8},"end":{"line":66,"column":48}},"type":"binary-expr","locations":[{"start":{"line":66,"column":8},"end":{"line":66,"column":14}},{"start":{"line":66,"column":18},"end":{"line":66,"column":28}},{"start":{"line":66,"column":32},"end":{"line":66,"column":48}}]},"10":{"loc":{"start":{"line":74,"column":6},"end":{"line":84,"column":null}},"type":"if","locations":[{"start":{"line":74,"column":6},"end":{"line":84,"column":null}}]},"11":{"loc":{"start":{"line":76,"column":8},"end":{"line":83,"column":null}},"type":"if","locations":[{"start":{"line":76,"column":8},"end":{"line":83,"column":null}}]},"12":{"loc":{"start":{"line":77,"column":10},"end":{"line":82,"column":null}},"type":"if","locations":[{"start":{"line":77,"column":10},"end":{"line":82,"column":null}},{"start":{"line":80,"column":17},"end":{"line":82,"column":null}}]},"13":{"loc":{"start":{"line":90,"column":4},"end":{"line":98,"column":null}},"type":"if","locations":[{"start":{"line":90,"column":4},"end":{"line":98,"column":null}},{"start":{"line":92,"column":11},"end":{"line":98,"column":null}}]},"14":{"loc":{"start":{"line":90,"column":8},"end":{"line":90,"column":20}},"type":"binary-expr","locations":[{"start":{"line":90,"column":8},"end":{"line":90,"column":12}},{"start":{"line":90,"column":16},"end":{"line":90,"column":20}}]},"15":{"loc":{"start":{"line":92,"column":11},"end":{"line":98,"column":null}},"type":"if","locations":[{"start":{"line":92,"column":11},"end":{"line":98,"column":null}},{"start":{"line":94,"column":11},"end":{"line":98,"column":null}}]},"16":{"loc":{"start":{"line":94,"column":11},"end":{"line":98,"column":null}},"type":"if","locations":[{"start":{"line":94,"column":11},"end":{"line":98,"column":null}},{"start":{"line":96,"column":11},"end":{"line":98,"column":null}}]},"17":{"loc":{"start":{"line":105,"column":6},"end":{"line":110,"column":null}},"type":"if","locations":[{"start":{"line":105,"column":6},"end":{"line":110,"column":null}}]},"18":{"loc":{"start":{"line":107,"column":8},"end":{"line":109,"column":null}},"type":"if","locations":[{"start":{"line":107,"column":8},"end":{"line":109,"column":null}}]},"19":{"loc":{"start":{"line":107,"column":12},"end":{"line":107,"column":33}},"type":"binary-expr","locations":[{"start":{"line":107,"column":12},"end":{"line":107,"column":17}},{"start":{"line":107,"column":21},"end":{"line":107,"column":33}}]},"20":{"loc":{"start":{"line":119,"column":6},"end":{"line":123,"column":null}},"type":"if","locations":[{"start":{"line":119,"column":6},"end":{"line":123,"column":null}}]},"21":{"loc":{"start":{"line":120,"column":8},"end":{"line":122,"column":null}},"type":"if","locations":[{"start":{"line":120,"column":8},"end":{"line":122,"column":null}}]}},"s":{"0":2,"1":2,"2":26,"3":2,"4":9,"5":2,"6":13,"7":13,"8":5,"9":2,"10":2,"11":2,"12":2,"13":2,"14":2,"15":2,"16":2,"17":2,"18":2,"19":2,"20":17,"21":17,"22":17,"23":17,"24":46,"25":46,"26":46,"27":25,"28":21,"29":15,"30":15,"31":17,"32":11,"33":17,"34":16,"35":17,"36":2,"37":8,"38":26,"39":26,"40":26,"41":17,"42":3,"43":3,"44":14,"45":8,"46":2,"47":20,"48":6,"49":14,"50":0,"51":14,"52":14,"53":0,"54":2,"55":17,"56":17,"57":46,"58":46,"59":46,"60":6,"61":17,"62":2,"63":47,"64":47,"65":294,"66":294,"67":23,"68":47,"69":2},"f":{"0":2,"1":26,"2":9,"3":13,"4":2,"5":2,"6":17,"7":8,"8":20,"9":17,"10":47},"b":{"0":[2],"1":[2],"2":[1,1],"3":[46],"4":[25,21],"5":[46,29],"6":[15],"7":[11],"8":[16],"9":[17,3,2],"10":[26],"11":[17],"12":[3,14],"13":[6,14],"14":[20,6],"15":[0,14],"16":[14,0],"17":[46],"18":[6],"19":[46,46],"20":[294],"21":[23]}}
,"C:\\Users\\willi\\Documents\\dev\\sandbox\\jhipster\\src\\main\\webapp\\app\\admin\\health\\health.vue": {"path":"C:\\Users\\willi\\Documents\\dev\\sandbox\\jhipster\\src\\main\\webapp\\app\\admin\\health\\health.vue","statementMap":{"0":{"start":{"line":2,"column":0},"end":{"line":2,"column":null}},"1":{"start":{"line":3,"column":0},"end":{"line":3,"column":null}},"2":{"start":{"line":10,"column":0},"end":{"line":55,"column":null}},"3":{"start":{"line":10,"column":0},"end":{"line":10,"column":null}},"4":{"start":{"line":11,"column":0},"end":{"line":11,"column":null}},"5":{"start":{"line":12,"column":0},"end":{"line":12,"column":null}},"6":{"start":{"line":13,"column":0},"end":{"line":13,"column":null}},"7":{"start":{"line":16,"column":0},"end":{"line":18,"column":null}},"8":{"start":{"line":17,"column":0},"end":{"line":17,"column":null}},"9":{"start":{"line":20,"column":0},"end":{"line":22,"column":null}},"10":{"start":{"line":21,"column":0},"end":{"line":21,"column":null}},"11":{"start":{"line":24,"column":0},"end":{"line":29,"column":null}},"12":{"start":{"line":25,"column":0},"end":{"line":27,"column":null}},"13":{"start":{"line":26,"column":0},"end":{"line":26,"column":null}},"14":{"start":{"line":28,"column":0},"end":{"line":28,"column":null}},"15":{"start":{"line":31,"column":0},"end":{"line":45,"column":null}},"16":{"start":{"line":31,"column":0},"end":{"line":31,"column":null}},"17":{"start":{"line":32,"column":0},"end":{"line":32,"column":null}},"18":{"start":{"line":33,"column":0},"end":{"line":44,"column":null}},"19":{"start":{"line":36,"column":0},"end":{"line":36,"column":null}},"20":{"start":{"line":37,"column":0},"end":{"line":37,"column":null}},"21":{"start":{"line":40,"column":0},"end":{"line":42,"column":null}},"22":{"start":{"line":41,"column":0},"end":{"line":41,"column":null}},"23":{"start":{"line":43,"column":0},"end":{"line":43,"column":null}},"24":{"start":{"line":47,"column":0},"end":{"line":50,"column":null}},"25":{"start":{"line":48,"column":0},"end":{"line":48,"column":null}},"26":{"start":{"line":49,"column":0},"end":{"line":49,"column":null}},"27":{"start":{"line":52,"column":0},"end":{"line":54,"column":null}},"28":{"start":{"line":53,"column":0},"end":{"line":53,"column":null}},"29":{"start":{"line":14,"column":0},"end":{"line":14,"column":null}},"30":{"start":{"line":10,"column":0},"end":{"line":5,"column":null}},"31":{"start":{"line":55,"column":0},"end":{"line":55,"column":null}}},"fnMap":{"0":{"name":"(anonymous_10)","decl":{"start":{"line":10,"column":0},"end":{"line":10,"column":null}},"loc":{"start":{"line":10,"column":0},"end":{"line":55,"column":null}}},"1":{"name":"(anonymous_12)","decl":{"start":{"line":16,"column":0},"end":{"line":16,"column":null}},"loc":{"start":{"line":16,"column":0},"end":{"line":18,"column":null}}},"2":{"name":"(anonymous_13)","decl":{"start":{"line":20,"column":0},"end":{"line":20,"column":null}},"loc":{"start":{"line":20,"column":0},"end":{"line":22,"column":null}}},"3":{"name":"(anonymous_14)","decl":{"start":{"line":24,"column":0},"end":{"line":24,"column":null}},"loc":{"start":{"line":24,"column":0},"end":{"line":29,"column":null}}},"4":{"name":"(anonymous_15)","decl":{"start":{"line":31,"column":0},"end":{"line":31,"column":null}},"loc":{"start":{"line":31,"column":0},"end":{"line":45,"column":null}}},"5":{"name":"(anonymous_16)","decl":{"start":{"line":33,"column":0},"end":{"line":33,"column":null}},"loc":{"start":{"line":33,"column":0},"end":{"line":38,"column":null}}},"6":{"name":"(anonymous_17)","decl":{"start":{"line":38,"column":0},"end":{"line":38,"column":null}},"loc":{"start":{"line":38,"column":0},"end":{"line":44,"column":null}}},"7":{"name":"(anonymous_18)","decl":{"start":{"line":47,"column":0},"end":{"line":47,"column":null}},"loc":{"start":{"line":47,"column":0},"end":{"line":50,"column":null}}},"8":{"name":"(anonymous_19)","decl":{"start":{"line":52,"column":0},"end":{"line":52,"column":null}},"loc":{"start":{"line":52,"column":0},"end":{"line":54,"column":null}}}},"branchMap":{"0":{"loc":{"start":{"line":10,"column":0},"end":{"line":10,"column":null}},"type":"binary-expr","locations":[{"start":{"line":10,"column":0},"end":{"line":10,"column":null}},{"start":{"line":10,"column":0},"end":{"line":10,"column":null}},{"start":{"line":10,"column":0},"end":{"line":10,"column":null}}]},"1":{"loc":{"start":{"line":25,"column":0},"end":{"line":27,"column":null}},"type":"if","locations":[{"start":{"line":25,"column":0},"end":{"line":27,"column":null}}]},"2":{"loc":{"start":{"line":40,"column":0},"end":{"line":42,"column":null}},"type":"if","locations":[{"start":{"line":40,"column":0},"end":{"line":42,"column":null}}]}},"s":{"0":1,"1":1,"2":1,"3":8,"4":7,"5":7,"6":7,"7":1,"8":7,"9":1,"10":2,"11":1,"12":2,"13":1,"14":1,"15":1,"16":9,"17":9,"18":9,"19":8,"20":0,"21":9,"22":0,"23":9,"24":1,"25":0,"26":0,"27":1,"28":2,"29":1,"30":1,"31":1},"f":{"0":8,"1":7,"2":2,"3":2,"4":9,"5":8,"6":9,"7":0,"8":2},"b":{"0":[7,7,7],"1":[1],"2":[0]}}
,"C:\\Users\\willi\\Documents\\dev\\sandbox\\jhipster\\src\\main\\webapp\\app\\admin\\logs\\logs.service.ts": {"path":"C:\\Users\\willi\\Documents\\dev\\sandbox\\jhipster\\src\\main\\webapp\\app\\admin\\logs\\logs.service.ts","statementMap":{"0":{"start":{"line":1,"column":0},"end":{"line":1,"column":44}},"1":{"start":{"line":2,"column":0},"end":{"line":2,"column":22}},"2":{"start":{"line":3,"column":0},"end":{"line":3,"column":44}},"3":{"start":{"line":6,"column":0},"end":{"line":6,"column":null}},"4":{"start":{"line":6,"column":41},"end":{"line":6,"column":44}},"5":{"start":{"line":7,"column":9},"end":{"line":9,"column":null}},"6":{"start":{"line":8,"column":4},"end":{"line":8,"column":73}},"7":{"start":{"line":11,"column":9},"end":{"line":13,"column":null}},"8":{"start":{"line":12,"column":4},"end":{"line":12,"column":43}},"9":{"start":{"line":6,"column":21},"end":{"line":14,"column":null}},"10":{"start":{"line":14,"column":0},"end":{"line":14,"column":null}},"11":{"start":{"line":6,"column":21},"end":{"line":6,"column":41}}},"fnMap":{"0":{"name":"(anonymous_8)","decl":{"start":{"line":6,"column":0},"end":{"line":6,"column":21}},"loc":{"start":{"line":6,"column":0},"end":{"line":6,"column":21}}},"1":{"name":"(anonymous_10)","decl":{"start":{"line":7,"column":2},"end":{"line":7,"column":9}},"loc":{"start":{"line":7,"column":58},"end":{"line":9,"column":3}}},"2":{"name":"(anonymous_11)","decl":{"start":{"line":11,"column":2},"end":{"line":11,"column":9}},"loc":{"start":{"line":11,"column":2},"end":{"line":13,"column":3}}}},"branchMap":{},"s":{"0":1,"1":1,"2":1,"3":1,"4":1,"5":1,"6":1,"7":1,"8":6,"9":1,"10":1,"11":1},"f":{"0":8,"1":1,"2":6},"b":{}}
,"C:\\Users\\willi\\Documents\\dev\\sandbox\\jhipster\\src\\main\\webapp\\app\\admin\\logs\\logs.vue": {"path":"C:\\Users\\willi\\Documents\\dev\\sandbox\\jhipster\\src\\main\\webapp\\app\\admin\\logs\\logs.vue","statementMap":{"0":{"start":{"line":1,"column":0},"end":{"line":1,"column":null}},"1":{"start":{"line":2,"column":0},"end":{"line":2,"column":null}},"2":{"start":{"line":8,"column":0},"end":{"line":49,"column":null}},"3":{"start":{"line":8,"column":0},"end":{"line":8,"column":null}},"4":{"start":{"line":10,"column":0},"end":{"line":10,"column":null}},"5":{"start":{"line":11,"column":0},"end":{"line":11,"column":null}},"6":{"start":{"line":12,"column":0},"end":{"line":12,"column":null}},"7":{"start":{"line":13,"column":0},"end":{"line":13,"column":null}},"8":{"start":{"line":15,"column":0},"end":{"line":17,"column":null}},"9":{"start":{"line":16,"column":0},"end":{"line":16,"column":null}},"10":{"start":{"line":19,"column":0},"end":{"line":25,"column":null}},"11":{"start":{"line":19,"column":0},"end":{"line":19,"column":null}},"12":{"start":{"line":20,"column":0},"end":{"line":24,"column":null}},"13":{"start":{"line":23,"column":0},"end":{"line":23,"column":null}},"14":{"start":{"line":27,"column":0},"end":{"line":33,"column":null}},"15":{"start":{"line":27,"column":0},"end":{"line":27,"column":null}},"16":{"start":{"line":28,"column":0},"end":{"line":32,"column":null}},"17":{"start":{"line":31,"column":0},"end":{"line":31,"column":null}},"18":{"start":{"line":35,"column":0},"end":{"line":38,"column":null}},"19":{"start":{"line":36,"column":0},"end":{"line":36,"column":null}},"20":{"start":{"line":37,"column":0},"end":{"line":37,"column":null}},"21":{"start":{"line":40,"column":0},"end":{"line":48,"column":null}},"22":{"start":{"line":41,"column":0},"end":{"line":41,"column":null}},"23":{"start":{"line":42,"column":0},"end":{"line":47,"column":null}},"24":{"start":{"line":43,"column":0},"end":{"line":46,"column":null}},"25":{"start":{"line":43,"column":0},"end":{"line":43,"column":null}},"26":{"start":{"line":44,"column":0},"end":{"line":44,"column":null}},"27":{"start":{"line":45,"column":0},"end":{"line":45,"column":null}},"28":{"start":{"line":9,"column":0},"end":{"line":9,"column":null}},"29":{"start":{"line":8,"column":0},"end":{"line":5,"column":null}},"30":{"start":{"line":49,"column":0},"end":{"line":49,"column":null}}},"fnMap":{"0":{"name":"(anonymous_10)","decl":{"start":{"line":8,"column":0},"end":{"line":8,"column":null}},"loc":{"start":{"line":8,"column":0},"end":{"line":49,"column":null}}},"1":{"name":"(anonymous_12)","decl":{"start":{"line":15,"column":0},"end":{"line":15,"column":null}},"loc":{"start":{"line":15,"column":0},"end":{"line":17,"column":null}}},"2":{"name":"(anonymous_13)","decl":{"start":{"line":19,"column":0},"end":{"line":19,"column":null}},"loc":{"start":{"line":19,"column":0},"end":{"line":25,"col
[...]
end":{"line":41,"column":56}},"22":{"start":{"line":41,"column":25},"end":{"line":41,"column":56}},"23":{"start":{"line":48,"column":2},"end":{"line":55,"column":null}},"24":{"start":{"line":49,"column":23},"end":{"line":49,"column":39}},"25":{"start":{"line":50,"column":4},"end":{"line":50,"column":35}},"26":{"start":{"line":51,"column":4},"end":{"line":54,"column":6}},"27":{"start":{"line":52,"column":25},"end":{"line":52,"column":105}},"28":{"start":{"line":53,"column":6},"end":{"line":53,"column":21}},"29":{"start":{"line":60,"column":2},"end":{"line":72,"column":null}},"30":{"start":{"line":61,"column":4},"end":{"line":71,"column":null}},"31":{"start":{"line":62,"column":6},"end":{"line":64,"column":null}},"32":{"start":{"line":63,"column":8},"end":{"line":63,"column":29}},"33":{"start":{"line":65,"column":6},"end":{"line":67,"column":null}},"34":{"start":{"line":66,"column":8},"end":{"line":66,"column":40}},"35":{"start":{"line":68,"column":6},"end":{"line":70,"column":null}},"36":{"start":{"line":69,"column":8},"end":{"line":69,"column":75}},"37":{"start":{"line":74,"column":2},"end":{"line":76,"column":null}},"38":{"start":{"line":75,"column":4},"end":{"line":75,"column":66}},"39":{"start":{"line":78,"column":2},"end":{"line":86,"column":null}},"40":{"start":{"line":79,"column":4},"end":{"line":81,"column":null}},"41":{"start":{"line":80,"column":6},"end":{"line":80,"column":15}},"42":{"start":{"line":82,"column":4},"end":{"line":84,"column":null}},"43":{"start":{"line":83,"column":6},"end":{"line":83,"column":15}},"44":{"start":{"line":85,"column":4},"end":{"line":85,"column":13}},"45":{"start":{"line":88,"column":2},"end":{"line":90,"column":null}},"46":{"start":{"line":89,"column":4},"end":{"line":89,"column":60}},"47":{"start":{"line":92,"column":2},"end":{"line":94,"column":null}},"48":{"start":{"line":93,"column":4},"end":{"line":93,"column":76}},"49":{"start":{"line":96,"column":2},"end":{"line":107,"column":null}},"50":{"start":{"line":97,"column":4},"end":{"line":106,"column":null}},"51":{"start":{"line":98,"column":19},"end":{"line":98,"column":40}},"52":{"start":{"line":99,"column":6},"end":{"line":101,"column":null}},"53":{"start":{"line":100,"column":8},"end":{"line":100,"column":15}},"54":{"start":{"line":102,"column":6},"end":{"line":105,"column":9}},"55":{"start":{"line":103,"column":8},"end":{"line":103,"column":35}},"56":{"start":{"line":104,"column":8},"end":{"line":104,"column":50}},"57":{"start":{"line":112,"column":2},"end":{"line":127,"column":null}},"58":{"start":{"line":113,"column":27},"end":{"line":113,"column":37}},"59":{"start":{"line":114,"column":24},"end":{"line":114,"column":56}},"60":{"start":{"line":115,"column":4},"end":{"line":117,"column":null}},"61":{"start":{"line":115,"column":17},"end":{"line":115,"column":18}},"62":{"start":{"line":116,"column":6},"end":{"line":116,"column":52}},"63":{"start":{"line":118,"column":22},"end":{"line":118,"column":49}},"64":{"start":{"line":119,"column":17},"end":{"line":121,"column":6}},"65":{"start":{"line":122,"column":21},"end":{"line":122,"column":48}},"66":{"start":{"line":123,"column":4},"end":{"line":123,"column":53}},"67":{"start":{"line":124,"column":4},"end":{"line":124,"column":33}},"68":{"start":{"line":125,"column":4},"end":{"line":125,"column":31}},"69":{"start":{"line":126,"column":4},"end":{"line":126,"column":21}},"70":{"start":{"line":132,"column":2},"end":{"line":160,"column":null}},"71":{"start":{"line":133,"column":18},"end":{"line":133,"column":20}},"72":{"start":{"line":135,"column":4},"end":{"line":137,"column":null}},"73":{"start":{"line":136,"column":6},"end":{"line":136,"column":19}},"74":{"start":{"line":139,"column":18},"end":{"line":139,"column":35}},"75":{"start":{"line":142,"column":4},"end":{"line":158,"column":7}},"76":{"start":{"line":143,"column":6},"end":{"line":145,"column":null}},"77":{"start":{"line":144,"column":8},"end":{"line":144,"column":15}},"78":{"start":{"line":146,"column":22},"end":{"line":146,"column":35}},"79":{"start":{"line":147,"column":18},"end":{"line":147,"column":58}},"80":{"start":{"line":148,"column":26},"end":{"line":148,"column":40}},"81":{"start":{"line":149,"column":6},"end":{"line":151,"column":9}},"82":{"start":{"line":150,"column":8},"end":{"line":150,"column":29}},"83":{"start":{"line":152,"column":17},"end":{"line":152,"column":33}},"84":{"start":{"line":153,"column":6},"end":{"line":155,"column":null}},"85":{"start":{"line":154,"column":8},"end":{"line":154,"column":34}},"86":{"start":{"line":156,"column":19},"end":{"line":156,"column":64}},"87":{"start":{"line":157,"column":6},"end":{"line":157,"column":25}},"88":{"start":{"line":159,"column":4},"end":{"line":159,"column":17}},"89":{"start":{"line":7,"column":21},"end":{"line":161,"column":null}},"90":{"start":{"line":161,"column":0},"end":{"line":161,"column":null}},"91":{"start":{"line":7,"column":21},"end":{"line":7,"column":42}}},"fnMap":{"0":{"name":"(anonymous_7)","decl":{"start":{"line":7,"column":0},"end":{"line":7,"column":21}},"loc":{"start":{"line":7,"column":0},"end":{"line":7,"column":21}}},"1":{"name":"(anonymous_9)","decl":{"start":{"line":11,"column":2},"end":{"line":11,"column":12}},"loc":{"start":{"line":11,"column":33},"end":{"line":16,"column":3}}},"2":{"name":"(anonymous_10)","decl":{"start":{"line":21,"column":2},"end":{"line":21,"column":10}},"loc":{"start":{"line":21,"column":23},"end":{"line":23,"column":3}}},"3":{"name":"(anonymous_11)","decl":{"start":{"line":28,"column":2},"end":{"line":28,"column":10}},"loc":{"start":{"line":28,"column":28},"end":{"line":43,"column":3}}},"4":{"name":"(anonymous_12)","decl":{"start":{"line":41,"column":19},"end":{"line":41,"column":25}},"loc":{"start":{"line":41,"column":19},"end":{"line":41,"column":28}}},"5":{"name":"(anonymous_13)","decl":{"start":{"line":48,"column":2},"end":{"line":48,"column":10}},"loc":{"start":{"line":48,"column":19},"end":{"line":55,"column":3}}},"6":{"name":"(anonymous_14)","decl":{"start":{"line":51,"column":24},"end":{"line":51,"column":25}},"loc":{"start":{"line":51,"column":31},"end":{"line":54,"column":5}}},"7":{"name":"(anonymous_15)","decl":{"start":{"line":60,"column":2},"end":{"line":60,"column":17}},"loc":{"start":{"line":60,"column":70},"end":{"line":72,"column":3}}},"8":{"name":"(anonymous_16)","decl":{"start":{"line":74,"column":2},"end":{"line":74,"column":10}},"loc":{"start":{"line":74,"column":22},"end":{"line":76,"column":3}}},"9":{"name":"(anonymous_17)","decl":{"start":{"line":78,"column":2},"end":{"line":78,"column":13}},"loc":{"start":{"line":78,"column":19},"end":{"line":86,"column":3}}},"10":{"name":"(anonymous_18)","decl":{"start":{"line":88,"column":2},"end":{"line":88,"column":6}},"loc":{"start":{"line":88,"column":12},"end":{"line":90,"column":3}}},"11":{"name":"(anonymous_19)","decl":{"start":{"line":92,"column":2},"end":{"line":92,"column":15}},"loc":{"start":{"line":92,"column":20},"end":{"line":94,"column":3}}},"12":{"name":"(anonymous_20)","decl":{"start":{"line":96,"column":2},"end":{"line":96,"column":13}},"loc":{"start":{"line":96,"column":43},"end":{"line":107,"column":3}}},"13":{"name":"(anonymous_21)","decl":{"start":{"line":102,"column":26},"end":{"line":102,"column":36}},"loc":{"start":{"line":102,"column":36},"end":{"line":105,"column":7}}},"14":{"name":"(anonymous_22)","decl":{"start":{"line":112,"column":2},"end":{"line":112,"column":14}},"loc":{"start":{"line":112,"column":42},"end":{"line":127,"column":3}}},"15":{"name":"(anonymous_23)","decl":{"start":{"line":132,"column":2},"end":{"line":132,"column":12}},"loc":{"start":{"line":132,"column":19},"end":{"line":160,"column":3}}},"16":{"name":"(anonymous_24)","decl":{"start":{"line":142,"column":18},"end":{"line":142,"column":19}},"loc":{"start":{"line":142,"column":19},"end":{"line":158,"column":5}}},"17":{"name":"(anonymous_25)","decl":{"start":{"line":149,"column":55},"end":{"line":149,"column":56}},"loc":{"start":{"line":149,"column":70},"end":{"line":151,"column":7}}}},"branchMap":{"0":{"loc":{"start":{"line":11,"column":19},"end":{"line":11,"column":null}},"type":"if","locations":[{"start":{"line":11,"column":19},"end":{"line":11,"column":null}}]},"1":{"loc":{"start":{"line":12,"column":4},"end":{"line":14,"column":null}},"type":"if","locations":[{"start":{"line":12,"column":4},"end":{"line":14,"column":null}}]},"2":{"loc":{"start":{"line":15,"column":11},"end":{"line":15,"column":71}},"type":"cond-expr","locations":[{"start":{"line":15,"column":18},"end":{"line":15,"column":66}},{"start":{"line":15,"column":69},"end":{"line":15,"column":71}}]},"3":{"loc":{"start":{"line":40,"column":4},"end":{"line":42,"column":null}},"type":"if","locations":[{"start":{"line":40,"column":4},"end":{"line":42,"column":null}}]},"4":{"loc":{"start":{"line":61,"column":4},"end":{"line":71,"column":null}},"type":"if","locations":[{"start":{"line":61,"column":4},"end":{"line":71,"column":null}}]},"5":{"loc":{"start":{"line":61,"column":8},"end":{"line":61,"column":43}},"type":"binary-expr","locations":[{"start":{"line":61,"column":8},"end":{"line":61,"column":14}},{"start":{"line":61,"column":18},"end":{"line":61,"column":23}},{"start":{"line":61,"column":27},"end":{"line":61,"column":43}}]},"6":{"loc":{"start":{"line":62,"column":6},"end":{"line":64,"column":null}},"type":"if","locations":[{"start":{"line":62,"column":6},"end":{"line":64,"column":null}}]},"7":{"loc":{"start":{"line":65,"column":6},"end":{"line":67,"column":null}},"type":"if","locations":[{"start":{"line":65,"column":6},"end":{"line":67,"column":null}}]},"8":{"loc":{"start":{"line":68,"column":6},"end":{"line":70,"column":null}},"type":"if","locations":[{"start":{"line":68,"column":6},"end":{"line":70,"column":null}}]},"9":{"loc":{"start":{"line":68,"column":10},"end":{"line":68,"column":88}},"type":"binary-expr","locations":[{"start":{"line":68,"column":10},"end":{"line":68,"column":20}},{"start":{"line":68,"column":24},"end":{"line":68,"column":31}},{"start":{"line":68,"column":35},"end":{"line":68,"column":88}}]},"10":{"loc":{"start":{"line":79,"column":4},"end":{"line":81,"column":null}},"type":"if","locations":[{"start":{"line":79,"column":4},"end":{"line":81,"column":null}}]},"11":{"loc":{"start":{"line":82,"column":4},"end":{"line":84,"column":null}},"type":"if","locations":[{"start":{"line":82,"column":4},"end":{"line":84,"column":null}}]},"12":{"loc":{"start":{"line":97,"column":4},"end":{"line":106,"column":null}},"type":"if","locations":[{"start":{"line":97,"column":4},"end":{"line":106,"column":null}}]},"13":{"loc":{"start":{"line":97,"column":8},"end":{"line":97,"column":60}},"type":"binary-expr","locations":[{"start":{"line":97,"column":8},"end":{"line":97,"column":13}},{"start":{"line":97,"column":17},"end":{"line":97,"column":35}},{"start":{"line":97,"column":39},"end":{"line":97,"column":60}}]},"14":{"loc":{"start":{"line":99,"column":6},"end":{"line":101,"column":null}},"type":"if","locations":[{"start":{"line":99,"column":6},"end":{"line":101,"column":null}}]},"15":{"loc":{"start":{"line":99,"column":10},"end":{"line":99,"column":48}},"type":"binary-expr","locations":[{"start":{"line":99,"column":10},"end":{"line":99,"column":17}},{"start":{"line":99,"column":21},"end":{"line":99,"column":48}}]},"16":{"loc":{"start":{"line":135,"column":4},"end":{"line":137,"column":null}},"type":"if","locations":[{"start":{"line":135,"column":4},"end":{"line":137,"column":null}}]},"17":{"loc":{"start":{"line":135,"column":8},"end":{"line":135,"column":53}},"type":"binary-expr","locations":[{"start":{"line":135,"column":8},"end":{"line":135,"column":23}},{"start":{"line":135,"column":27},"end":{"line":135,"column":53}}]},"18":{"loc":{"start":{"line":143,"column":6},"end":{"line":145,"column":null}},"type":"if","locations":[{"start":{"line":143,"column":6},"end":{"line":145,"column":null}}]},"19":{"loc":{"start":{"line":153,"column":6},"end":{"line":155,"column":null}},"type":"if","locations":[{"start":{"line":153,"column":6},"end":{"line":155,"column":null}}]}},"s":{"0":1,"1":1,"2":1,"3":1,"4":4,"5":2,"6":1,"7":1,"8":1,"9":1,"10":1,"11":1,"12":1,"13":1,"14":1,"15":3,"16":1,"17":1,"18":1,"19":1,"20":1,"21":1,"22":0,"23":1,"24":0,"25":0,"26":0,"27":0,"28":0,"29":1,"30":1,"31":1,"32":1,"33":1,"34":1,"35":1,"36":0,"37":1,"38":8,"39":1,"40":4,"41":1,"42":3,"43":1,"44":2,"45":1,"46":1,"47":1,"48":1,"49":1,"50":0,"51":0,"52":0,"53":0,"54":0,"55":0,"56":0,"57":1,"58":0,"59":0,"60":0,"61":0,"62":0,"63":0,"64":0,"65":0,"66":0,"67":0,"68":0,"69":0,"70":1,"71":5,"72":5,"73":3,"74":2,"75":2,"76":6,"77":3,"78":3,"79":3,"80":3,"81":3,"82":15,"83":3,"84":3,"85":3,"86":3,"87":3,"88":2,"89":1,"90":1,"91":1},"f":{"0":15,"1":2,"2":1,"3":1,"4":0,"5":0,"6":0,"7":1,"8":8,"9":4,"10":1,"11":1,"12":0,"13":0,"14":0,"15":5,"16":6,"17":15},"b":{"0":[2],"1":[1],"2":[1,0],"3":[1],"4":[1],"5":[1,1,1],"6":[1],"7":[1],"8":[0],"9":[1,0,0],"10":[1],"11":[1],"12":[0],"13":[0,0,0],"14":[0],"15":[0,0],"16":[3],"17":[5,5],"18":[3],"19":[3]}}
,"C:\\Users\\willi\\Documents\\dev\\sandbox\\jhipster\\src\\main\\webapp\\app\\shared\\date\\filters.ts": {"path":"C:\\Users\\willi\\Documents\\dev\\sandbox\\jhipster\\src\\main\\webapp\\app\\shared\\date\\filters.ts","statementMap":{"0":{"start":{"line":1,"column":0},"end":{"line":1,"column":22}},"1":{"start":{"line":2,"column":0},"end":{"line":2,"column":26}},"2":{"start":{"line":4,"column":13},"end":{"line":4,"column":40}},"3":{"start":{"line":5,"column":13},"end":{"line":5,"column":51}},"4":{"start":{"line":7,"column":13},"end":{"line":7,"column":56}},"5":{"start":{"line":10,"column":2},"end":{"line":15,"column":5}},"6":{"start":{"line":11,"column":4},"end":{"line":13,"column":null}},"7":{"start":{"line":12,"column":6},"end":{"line":12,"column":51}},"8":{"start":{"line":14,"column":4},"end":{"line":14,"column":14}},"9":{"start":{"line":16,"column":2},"end":{"line":25,"column":5}},"10":{"start":{"line":17,"column":4},"end":{"line":23,"column":null}},"11":{"start":{"line":18,"column":24},"end":{"line":18,"column":56}},"12":{"start":{"line":19,"column":6},"end":{"line":21,"column":null}},"13":{"start":{"line":20,"column":8},"end":{"line":20,"column":25}},"14":{"start":{"line":22,"column":6},"end":{"line":22,"column":19}},"15":{"start":{"line":24,"column":4},"end":{"line":24,"column":14}},"16":{"start":{"line":9,"column":0},"end":{"line":9,"column":16}}},"fnMap":{"0":{"name":"initFilters","decl":{"start":{"line":9,"column":16},"end":{"line":9,"column":27}},"loc":{"start":{"line":9,"column":27},"end":{"line":26,"column":1}}},"1":{"name":"(anonymous_2)","decl":{"start":{"line":10,"column":27},"end":{"line":10,"column":32}},"loc":{"start":{"line":10,"column":32},"end":{"line":15,"column":3}}},"2":{"name":"(anonymous_3)","decl":{"start":{"line":16,"column":25},"end":{"line":16,"column":30}},"loc":{"start":{"line":16,"column":30},"end":{"line":25,"column":3}}}},"branchMap":{"0":{"loc":{"start":{"line":11,"column":4},"end":{"line":13,"column":null}},"type":"if","locations":[{"start":{"line":11,"column":4},"end":{"line":13,"column":null}}]},"1":{"loc":{"start":{"line":17,"column":4},"end":{"line":23,"column":null}},"type":"if","locations":[{"start":{"line":17,"column":4},"end":{"line":23,"column":null}}]},"2":{"loc":{"start":{"line":19,"column":6},"end":{"line":21,"column":null}},"type":"if","locations":[{"start":{"line":19,"column":6},"end":{"line":21,"column":null}}]}},"s":{"0":21,"1":21,"2":21,"3":21,"4":21,"5":20,"6":3,"7":1,"8":2,"9":20,"10":0,"11":0,"12":0,"13":0,"14":0,"15":0,"16":21},"f":{"0":20,"1":3,"2":0},"b":{"0":[1],"1":[0],"2":[0]}}
,"C:\\Users\\willi\\Documents\\dev\\sandbox\\jhipster\\src\\main\\webapp\\app\\shared\\model\\user.model.ts": {"path":"C:\\Users\\willi\\Documents\\dev\\sandbox\\jhipster\\src\\main\\webapp\\app\\shared\\model\\user.model.ts","statementMap":{"0":{"start":{"line":17,"column":0},"end":{"line":17,"column":13}},"1":{"start":{"line":19,"column":11},"end":{"line":19,"column":19}},"2":{"start":{"line":20,"column":11},"end":{"line":20,"column":25}},"3":{"start":{"line":21,"column":11},"end":{"line":21,"column":29}},"4":{"start":{"line":22,"column":11},"end":{"line":22,"column":28}},"5":{"start":{"line":23,"column":11},"end":{"line":23,"column":25}},"6":{"start":{"line":24,"column":11},"end":{"line":24,"column":30}},"7":{"start":{"line":25,"column":11},"end":{"line":25,"column":27}},"8":{"start":{"line":26,"column":11},"end":{"line":26,"column":30}},"9":{"start":{"line":27,"column":11},"end":{"line":27,"column":29}},"10":{"start":{"line":28,"column":11},"end":{"line":28,"column":29}},"11":{"start":{"line":29,"column":11},"end":{"line":29,"column":34}},"12":{"start":{"line":30,"column":11},"end":{"line":30,"column":34}},"13":{"start":{"line":31,"column":11},"end":{"line":31,"column":28}},"14":{"start":{"line":33,"column":0},"end":{"line":33,"column":null}},"15":{"start":{"line":17,"column":13},"end":{"line":17,"column":17}}},"fnMap":{"0":{"name":"(anonymous_0)","decl":{"start":{"line":17,"column":0},"end":{"line":17,"column":13}},"loc":{"start":{"line":17,"column":0},"end":{"line":33,"column":null}}},"1":{"name":"User","decl":{"start":{"line":18,"column":2},"end":{"line":18,"column":null}},"loc":{"start":{"line":31,"column":28},"end":{"line":32,"column":6}}}},"branchMap":{},"s":{"0":1,"1":4,"2":4,"3":4,"4":4,"5":4,"6":4,"7":4,"8":4,"9":4,"10":4,"11":4,"12":4,"13":4,"14":1,"15":1},"f":{"0":1,"1":4},"b":{}}
,"C:\\Users\\willi\\Documents\\dev\\sandbox\\jhipster\\src\\main\\webapp\\app\\shared\\security\\authority.ts": {"path":"C:\\Users\\willi\\Documents\\dev\\sandbox\\jhipster\\src\\main\\webapp\\app\\shared\\security\\authority.ts","statementMap":{"0":{"start":{"line":1,"column":0},"end":{"line":1,"column":null}},"1":{"start":{"line":2,"column":2},"end":{"line":2,"column":null}},"2":{"start":{"line":3,"column":2},"end":{"line":3,"column":null}}},"fnMap":{"0":{"name":"(anonymous_0)","decl":{"start":{"line":1,"column":0},"end":{"line":1,"column":12}},"loc":{"start":{"line":1,"column":21},"end":{"line":4,"column":1}}}},"branchMap":{"0":{"loc":{"start":{"line":1,"column":12},"end":{"line":1,"column":null}},"type":"binary-expr","locations":[{"start":{"line":1,"column":12},"end":{"line":1,"column":21}},{"start":{"line":1,"column":12},"end":{"line":1,"column":null}}]}},"s":{"0":4,"1":4,"2":4},"f":{"0":4},"b":{"0":[4,4]}}
,"C:\\Users\\willi\\Documents\\dev\\sandbox\\jhipster\\src\\main\\webapp\\app\\shared\\sort\\sorts.ts": {"path":"C:\\Users\\willi\\Documents\\dev\\sandbox\\jhipster\\src\\main\\webapp\\app\\shared\\sort\\sorts.ts","statementMap":{"0":{"start":{"line":2,"column":2},"end":{"line":11,"column":null}},"1":{"start":{"line":3,"column":16},"end":{"line":3,"column":18}},"2":{"start":{"line":4,"column":4},"end":{"line":9,"column":null}},"3":{"start":{"line":4,"column":22},"end":{"line":4,"column":28}},"4":{"start":{"line":4,"column":22},"end":{"line":4,"column":55}},"5":{"start":{"line":4,"column":18},"end":{"line":4,"column":22}},"6":{"start":{"line":5,"column":6},"end":{"line":7,"column":null}},"7":{"start":{"line":6,"column":8},"end":{"line":6,"column":21}},"8":{"start":{"line":8,"column":6},"end":{"line":8,"column":51}},"9":{"start":{"line":10,"column":4},"end":{"line":10,"column":80}},"10":{"start":{"line":12,"column":2},"end":{"line":12,"column":12}},"11":{"start":{"line":1,"column":0},"end":{"line":1,"column":24}}},"fnMap":{"0":{"name":"buildPaginationQueryOpts","decl":{"start":{"line":1,"column":24},"end":{"line":1,"column":48}},"loc":{"start":{"line":1,"column":64},"end":{"line":13,"column":1}}}},"branchMap":{"0":{"loc":{"start":{"line":2,"column":2},"end":{"line":11,"column":null}},"type":"if","locations":[{"start":{"line":2,"column":2},"end":{"line":11,"column":null}}]},"1":{"loc":{"start":{"line":5,"column":6},"end":{"line":7,"column":null}},"type":"if","locations":[{"start":{"line":5,"column":6},"end":{"line":7,"column":null}}]}},"s":{"0":9,"1":8,"2":8,"3":8,"4":8,"5":9,"6":9,"7":1,"8":9,"9":8,"10":1,"11":4},"f":{"0":9},"b":{"0":[8],"1":[1]}}
}
