TN:
SF:src\main\webapp\app\constants.ts
FNF:0
FNH:0
DA:2,2
DA:3,2
DA:4,2
LF:3
LH:3
BRF:0
BRH:0
end_of_record
TN:
SF:src\main\webapp\app\account\account.service.ts
FN:5,(anonymous_1)
FN:6,AccountService
FN:10,(anonymous_3)
FN:14,(anonymous_4)
FN:15,(anonymous_5)
FN:18,(anonymous_6)
FN:25,(anonymous_7)
FN:29,(anonymous_8)
FN:30,(anonymous_9)
FN:33,(anonymous_10)
FN:51,(anonymous_11)
FN:58,(anonymous_12)
FN:66,(anonymous_13)
FN:79,(anonymous_14)
FN:83,(anonymous_15)
FN:87,(anonymous_16)
FNF:16
FNH:16
FNDA:2,(anonymous_1)
FNDA:9,AccountService
FNDA:9,(anonymous_3)
FNDA:9,(anonymous_4)
FNDA:9,(anonymous_5)
FNDA:8,(anonymous_6)
FNDA:1,(anonymous_7)
FNDA:4,(anonymous_8)
FNDA:4,(anonymous_9)
FNDA:3,(anonymous_10)
FNDA:1,(anonymous_11)
FNDA:4,(anonymous_12)
FNDA:2,(anonymous_13)
FNDA:7,(anonymous_14)
FNDA:8,(anonymous_15)
FNDA:3,(anonymous_16)
DA:1,2
DA:5,2
DA:6,9
DA:7,9
DA:10,2
DA:11,9
DA:14,9
DA:15,9
DA:16,9
DA:19,8
DA:20,1
DA:21,1
DA:23,8
DA:25,1
DA:29,4
DA:30,4
DA:31,4
DA:34,3
DA:35,3
DA:36,3
DA:37,1
DA:38,1
DA:39,1
DA:40,1
DA:43,2
DA:44,2
DA:45,0
DA:47,2
DA:49,3
DA:52,1
DA:53,1
DA:58,4
DA:59,4
DA:60,4
DA:63,4
DA:64,2
DA:65,2
DA:66,2
DA:67,2
DA:68,1
DA:70,1
DA:73,0
DA:76,2
DA:79,2
DA:80,7
DA:83,2
DA:84,8
DA:87,2
DA:88,3
DA:89,6
DA:90,3
DA:91,2
DA:95,1
DA:97,2
LF:54
LH:52
BRDA:19,0,0,1
BRDA:19,1,0,8
BRDA:19,1,1,2
BRDA:36,2,0,1
BRDA:36,2,1,2
BRDA:38,3,0,1
BRDA:44,4,0,0
BRDA:59,5,0,4
BRDA:63,6,0,2
BRDA:63,7,0,4
BRDA:63,7,1,2
BRDA:64,8,0,2
BRDA:64,8,1,0
BRDA:65,9,0,2
BRDA:65,10,0,2
BRDA:65,10,1,2
BRDA:65,10,2,2
BRDA:67,11,0,1
BRDA:84,12,0,0
BRDA:84,12,1,8
BRDA:84,13,0,8
BRDA:84,13,1,8
BRDA:88,14,0,3
BRDA:90,15,0,2
BRF:24
BRH:21
end_of_record
TN:
SF:src\main\webapp\app\account\login.service.ts
FN:3,(anonymous_0)
FN:4,(anonymous_2)
FNF:2
FNH:2
FNDA:4,(anonymous_0)
FNDA:1,(anonymous_2)
DA:3,3
DA:4,3
DA:5,1
DA:7,3
LF:4
LH:4
BRF:0
BRH:0
end_of_record
TN:
SF:src\main\webapp\app\account\activate\activate.service.ts
FN:3,(anonymous_1)
FN:6,ActivateService
FN:10,(anonymous_3)
FNF:3
FNH:3
FNDA:1,(anonymous_1)
FNDA:3,ActivateService
FNDA:3,(anonymous_3)
DA:1,1
DA:3,1
DA:7,3
DA:10,1
DA:11,3
DA:13,1
LF:6
LH:6
BRF:0
BRH:0
end_of_record
TN:
SF:src\main\webapp\app\account\activate\activate.vue
FN:7,(anonymous_10)
FN:15,(anonymous_12)
FN:16,(anonymous_13)
FN:23,(anonymous_14)
FN:24,(anonymous_15)
FN:30,(anonymous_16)
FN:38,(anonymous_17)
FNF:7
FNH:6
FNDA:4,(anonymous_10)
FNDA:1,(anonymous_12)
FNDA:1,(anonymous_13)
FNDA:3,(anonymous_14)
FNDA:1,(anonymous_15)
FNDA:2,(anonymous_16)
FNDA:0,(anonymous_17)
DA:1,1
DA:2,1
DA:7,5
DA:8,1
DA:10,1
DA:12,3
DA:13,3
DA:15,1
DA:16,1
DA:17,1
DA:18,1
DA:23,3
DA:24,3
DA:28,1
DA:29,1
DA:32,2
DA:33,2
DA:38,1
DA:39,0
DA:41,1
LF:20
LH:19
BRDA:7,0,0,3
BRDA:7,0,1,3
BRDA:7,0,2,3
BRDA:17,1,0,1
BRF:4
BRH:4
end_of_record
TN:
SF:src\main\webapp\app\account\change-password\change-password.vue
FN:19,(anonymous_11)
FN:32,(anonymous_12)
FN:42,(anonymous_14)
FN:50,(anonymous_15)
FN:57,(anonymous_16)
FNF:5
FNH:5
FNDA:6,(anonymous_11)
FNDA:4,(anonymous_12)
FNDA:3,(anonymous_14)
FNDA:1,(anonymous_15)
FNDA:1,(anonymous_16)
DA:1,1
DA:2,1
DA:3,1
DA:4,1
DA:5,1
DA:7,1
DA:20,6
DA:32,4
DA:33,3
DA:34,3
DA:35,3
DA:36,3
DA:42,3
DA:43,3
DA:44,1
DA:45,1
DA:46,1
DA:48,2
DA:49,2
DA:55,1
DA:56,1
DA:59,1
DA:60,1
DA:65,1
DA:66,0
DA:68,1
LF:26
LH:25
BRDA:32,0,0,3
BRDA:32,0,1,3
BRDA:32,0,2,3
BRDA:43,1,0,1
BRDA:43,1,1,2
BRDA:66,2,0,0
BRDA:66,2,1,0
BRF:7
BRH:5
end_of_record
TN:
SF:src\main\webapp\app\account\login-form\login-form.vue
FN:12,(anonymous_10)
FN:20,(anonymous_12)
FN:22,(anonymous_13)
FN:39,(anonymous_14)
FN:7,(anonymous_15)
FNF:5
FNH:4
FNDA:4,(anonymous_10)
FNDA:3,(anonymous_12)
FNDA:2,(anonymous_13)
FNDA:1,(anonymous_14)
FNDA:0,(anonymous_15)
DA:1,1
DA:2,1
DA:3,1
DA:8,0
DA:12,4
DA:13,1
DA:15,3
DA:16,3
DA:17,3
DA:18,3
DA:20,3
DA:21,3
DA:22,3
DA:25,2
DA:26,2
DA:27,2
DA:28,2
DA:29,1
DA:30,1
DA:32,1
DA:33,1
DA:36,2
DA:37,2
DA:38,2
DA:41,1
DA:44,1
LF:26
LH:25
BRDA:12,0,0,3
BRDA:12,0,1,3
BRDA:12,0,2,3
BRDA:26,1,0,2
BRDA:26,2,0,2
BRDA:26,2,1,2
BRDA:28,3,0,1
BRDA:28,3,1,1
BRF:8
BRH:8
end_of_record
TN:
SF:src\main\webapp\app\account\register\register.service.ts
FN:3,(anonymous_1)
FN:4,(anonymous_3)
FNF:2
FNH:2
FNDA:5,(anonymous_1)
FNDA:4,(anonymous_3)
DA:1,1
DA:3,1
DA:4,1
DA:5,4
DA:7,1
LF:5
LH:5
BRF:0
BRH:0
end_of_record
TN:
SF:src\main\webapp\app\account\register\register.vue
FN:34,(anonymous_10)
FN:43,(anonymous_11)
FN:57,(anonymous_13)
FN:62,(anonymous_14)
FN:66,(anonymous_15)
FN:79,(anonymous_16)
FNF:6
FNH:6
FNDA:4,(anonymous_10)
FNDA:7,(anonymous_11)
FNDA:4,(anonymous_13)
FNDA:1,(anonymous_14)
FNDA:3,(anonymous_15)
FNDA:1,(anonymous_16)
DA:1,1
DA:2,1
DA:3,1
DA:6,1
DA:8,1
DA:9,1
DA:35,4
DA:43,7
DA:44,1
DA:45,1
DA:46,6
DA:51,6
DA:52,6
DA:53,6
DA:54,6
DA:55,6
DA:57,4
DA:58,4
DA:59,4
DA:60,4
DA:61,4
DA:62,4
DA:65,1
DA:68,3
DA:69,3
DA:70,1
DA:71,2
DA:72,1
DA:74,1
DA:79,1
DA:80,1
DA:82,1
LF:32
LH:32
BRDA:43,0,0,6
BRDA:43,0,1,6
BRDA:43,0,2,6
BRDA:69,1,0,1
BRDA:69,1,1,2
BRDA:69,2,0,3
BRDA:69,2,1,3
BRDA:71,3,0,1
BRDA:71,3,1,1
BRDA:71,4,0,2
BRDA:71,4,1,2
BRF:11
BRH:11
end_of_record
TN:
SF:src\main\webapp\app\account\reset-password\finish\reset-password-finish.vue
FN:15,(anonymous_10)
FN:25,(anonymous_11)
FN:39,(anonymous_13)
FN:46,(anonymous_14)
FN:53,(anonymous_15)
FN:57,(anonymous_16)
FN:65,(anonymous_17)
FNF:7
FNH:5
FNDA:0,(anonymous_10)
FNDA:3,(anonymous_11)
FNDA:2,(anonymous_13)
FNDA:2,(anonymous_14)
FNDA:1,(anonymous_15)
FNDA:1,(anonymous_16)
FNDA:0,(anonymous_17)
DA:1,1
DA:2,1
DA:3,1
DA:6,1
DA:16,0
DA:25,3
DA:26,1
DA:29,2
DA:30,2
DA:31,2
DA:32,2
DA:34,2
DA:39,1
DA:40,2
DA:41,0
DA:43,2
DA:46,2
DA:47,2
DA:48,2
DA:49,2
DA:50,2
DA:51,0
DA:53,2
DA:56,1
DA:59,1
DA:60,1
DA:65,1
DA:66,0
DA:68,1
LF:29
LH:25
BRDA:25,0,0,2
BRDA:25,0,1,2
BRDA:25,0,2,2
BRDA:40,1,0,0
BRDA:40,2,0,8
BRDA:40,2,1,4
BRDA:50,3,0,0
BRDA:50,3,1,2
BRF:8
BRH:6
end_of_record
TN:
SF:src\main\webapp\app\account\reset-password\init\reset-password-init.vue
FN:23,(anonymous_9)
FN:30,(anonymous_11)
FN:33,(anonymous_12)
FN:40,(anonymous_13)
FNF:4
FNH:4
FNDA:3,(anonymous_9)
FNDA:2,(anonymous_11)
FNDA:1,(anonymous_12)
FNDA:1,(anonymous_13)
DA:1,1
DA:2,1
DA:3,1
DA:5,1
DA:23,3
DA:24,2
DA:25,2
DA:26,2
DA:30,2
DA:31,2
DA:32,2
DA:39,1
DA:42,1
DA:43,1
DA:46,1
LF:15
LH:15
BRDA:23,0,0,2
BRDA:23,0,1,2
BRDA:23,0,2,2
BRF:3
BRH:3
end_of_record
TN:
SF:src\main\webapp\app\account\settings\settings.vue
FN:30,(anonymous_9)
FN:36,(anonymous_11)
FN:39,(anonymous_12)
FN:45,(anonymous_13)
FNF:4
FNH:4
FNDA:6,(anonymous_9)
FNDA:5,(anonymous_11)
FNDA:2,(anonymous_12)
FNDA:3,(anonymous_13)
DA:1,1
DA:2,1
DA:3,1
DA:4,1
DA:6,1
DA:30,6
DA:31,5
DA:32,5
DA:33,5
DA:34,5
DA:36,5
DA:37,5
DA:38,5
DA:39,5
DA:42,2
DA:43,2
DA:44,2
DA:47,3
DA:48,3
DA:49,3
DA:50,1
DA:51,1
DA:56,1
DA:57,5
DA:60,1
DA:61,5
DA:63,1
LF:27
LH:27
BRDA:30,0,0,5
BRDA:30,0,1,5
BRDA:30,0,2,5
BRDA:34,1,0,5
BRDA:34,1,1,5
BRDA:49,2,0,1
BRDA:49,3,0,3
BRDA:49,3,1,2
BRDA:61,4,0,10
BRDA:61,4,1,20
BRF:10
BRH:10
end_of_record
TN:
SF:src\main\webapp\app\admin\configuration\configuration.service.ts
FN:3,(anonymous_1)
FN:4,(anonymous_3)
FN:5,(anonymous_4)
FN:6,(anonymous_5)
FN:15,(anonymous_6)
FN:24,(anonymous_7)
FN:25,(anonymous_8)
FN:26,(anonymous_9)
FN:46,(anonymous_10)
FNF:9
FNH:9
FNDA:11,(anonymous_1)
FNDA:5,(anonymous_3)
FNDA:5,(anonymous_4)
FNDA:5,(anonymous_5)
FNDA:5,(anonymous_6)
FNDA:5,(anonymous_7)
FNDA:5,(anonymous_8)
FNDA:5,(anonymous_9)
FNDA:5,(anonymous_10)
DA:1,1
DA:3,1
DA:4,5
DA:5,5
DA:6,5
DA:7,5
DA:8,5
DA:9,5
DA:10,10
DA:11,10
DA:15,5
DA:16,5
DA:17,5
DA:19,5
DA:24,1
DA:25,5
DA:26,5
DA:27,5
DA:28,5
DA:30,10
DA:31,5
DA:32,5
DA:33,5
DA:34,5
DA:35,5
DA:36,5
DA:39,5
DA:41,5
DA:46,1
DA:48,5
DA:49,5
DA:53,5
DA:54,5
DA:59,0
DA:61,1
LF:35
LH:34
BRDA:10,0,0,10
BRDA:16,1,0,0
BRDA:16,1,1,5
BRDA:17,2,0,0
BRDA:17,2,1,5
BRDA:35,3,0,5
BRDA:48,4,0,5
BRDA:53,5,0,5
BRF:8
BRH:6
end_of_record
TN:
SF:src\main\webapp\app\admin\configuration\configuration.vue
FN:8,(anonymous_10)
FN:17,(anonymous_12)
FN:21,(anonymous_13)
FN:22,(anonymous_14)
FN:34,(anonymous_15)
FN:41,(anonymous_16)
FN:46,(anonymous_17)
FNF:7
FNH:7
FNDA:5,(anonymous_10)
FNDA:4,(anonymous_12)
FNDA:5,(anonymous_13)
FNDA:5,(anonymous_14)
FNDA:5,(anonymous_15)
FNDA:1,(anonymous_16)
FNDA:20,(anonymous_17)
DA:1,1
DA:2,1
DA:8,5
DA:9,4
DA:10,4
DA:11,4
DA:12,4
DA:13,4
DA:14,4
DA:15,1
DA:17,1
DA:18,4
DA:21,5
DA:22,5
DA:25,5
DA:27,20
DA:28,10
DA:29,0
DA:34,5
DA:37,5
DA:41,1
DA:42,1
DA:43,1
DA:46,1
DA:47,20
DA:49,1
LF:26
LH:25
BRDA:8,0,0,4
BRDA:8,0,1,4
BRDA:8,0,2,4
BRDA:28,1,0,0
BRDA:47,2,0,13
BRDA:47,2,1,7
BRF:6
BRH:5
end_of_record
TN:
SF:src\main\webapp\app\admin\health\health-modal.vue
FN:5,(anonymous_9)
FN:9,(anonymous_11)
FN:13,(anonymous_12)
FN:17,(anonymous_13)
FNF:4
FNH:4
FNDA:8,(anonymous_9)
FNDA:1,(anonymous_11)
FNDA:1,(anonymous_12)
FNDA:4,(anonymous_13)
DA:2,2
DA:5,4
DA:6,2
DA:7,2
DA:9,2
DA:10,1
DA:13,2
DA:14,1
DA:17,2
DA:18,4
DA:20,2
DA:21,2
DA:23,1
DA:25,1
DA:28,2
DA:29,1
DA:31,1
DA:33,2
LF:18
LH:18
BRDA:18,0,0,2
BRDA:21,1,0,1
BRDA:28,2,0,1
BRF:3
BRH:3
end_of_record
TN:
SF:src\main\webapp\app\admin\health\health.service.ts
FN:3,(anonymous_1)
FN:6,HealthService
FN:10,(anonymous_3)
FN:14,(anonymous_4)
FN:20,(anonymous_5)
FN:27,(anonymous_6)
FN:36,(anonymous_7)
FN:72,(anonymous_8)
FN:89,(anonymous_9)
FN:101,(anonymous_10)
FN:115,(anonymous_11)
FNF:11
FNH:11
FNDA:2,(anonymous_1)
FNDA:26,HealthService
FNDA:9,(anonymous_3)
FNDA:13,(anonymous_4)
FNDA:2,(anonymous_5)
FNDA:2,(anonymous_6)
FNDA:17,(anonymous_7)
FNDA:8,(anonymous_8)
FNDA:20,(anonymous_9)
FNDA:17,(anonymous_10)
FNDA:47,(anonymous_11)
DA:1,2
DA:3,2
DA:7,26
DA:10,2
DA:11,9
DA:14,2
DA:15,13
DA:16,13
DA:17,5
DA:20,2
DA:21,2
DA:22,2
DA:23,2
DA:27,2
DA:28,2
DA:29,2
DA:30,2
DA:31,2
DA:32,2
DA:36,2
DA:37,17
DA:43,17
DA:44,17
DA:46,17
DA:47,46
DA:48,46
DA:49,46
DA:50,25
DA:52,21
DA:53,15
DA:54,15
DA:61,17
DA:62,11
DA:66,17
DA:67,16
DA:69,17
DA:72,2
DA:73,8
DA:74,26
DA:75,26
DA:76,26
DA:77,17
DA:78,3
DA:79,3
DA:81,14
DA:86,8
DA:89,2
DA:90,20
DA:91,6
DA:92,14
DA:93,0
DA:94,14
DA:95,14
DA:97,0
DA:101,2
DA:102,17
DA:104,17
DA:105,46
DA:106,46
DA:107,46
DA:108,6
DA:112,17
DA:115,2
DA:116,47
DA:118,47
DA:119,294
DA:120,294
DA:121,23
DA:125,47
DA:127,2
LF:70
LH:68
BRDA:21,0,0,2
BRDA:28,1,0,2
BRDA:32,2,0,1
BRDA:32,2,1,1
BRDA:47,3,0,46
BRDA:49,4,0,25
BRDA:49,4,1,21
BRDA:49,5,0,46
BRDA:49,5,1,29
BRDA:52,6,0,15
BRDA:61,7,0,11
BRDA:66,8,0,16
BRDA:66,9,0,17
BRDA:66,9,1,3
BRDA:66,9,2,2
BRDA:74,10,0,26
BRDA:76,11,0,17
BRDA:77,12,0,3
BRDA:77,12,1,14
BRDA:90,13,0,6
BRDA:90,13,1,14
BRDA:90,14,0,20
BRDA:90,14,1,6
BRDA:92,15,0,0
BRDA:92,15,1,14
BRDA:94,16,0,14
BRDA:94,16,1,0
BRDA:105,17,0,46
BRDA:107,18,0,6
BRDA:107,19,0,46
BRDA:107,19,1,46
BRDA:119,20,0,294
BRDA:120,21,0,23
BRF:33
BRH:31
end_of_record
TN:
SF:src\main\webapp\app\admin\health\health.vue
FN:10,(anonymous_10)
FN:16,(anonymous_12)
FN:20,(anonymous_13)
FN:24,(anonymous_14)
FN:31,(anonymous_15)
FN:33,(anonymous_16)
FN:38,(anonymous_17)
FN:47,(anonymous_18)
FN:52,(anonymous_19)
FNF:9
FNH:8
FNDA:8,(anonymous_10)
FNDA:7,(anonymous_12)
FNDA:2,(anonymous_13)
FNDA:2,(anonymous_14)
FNDA:9,(anonymous_15)
FNDA:8,(anonymous_16)
FNDA:9,(anonymous_17)
FNDA:0,(anonymous_18)
FNDA:2,(anonymous_19)
DA:2,1
DA:3,1
DA:10,8
DA:11,7
DA:12,7
DA:13,7
DA:14,1
DA:16,1
DA:17,7
DA:20,1
DA:21,2
DA:24,1
DA:25,2
DA:26,1
DA:28,1
DA:31,9
DA:32,9
DA:33,9
DA:36,8
DA:37,0
DA:40,9
DA:41,0
DA:43,9
DA:47,1
DA:48,0
DA:49,0
DA:52,1
DA:53,2
DA:55,1
LF:29
LH:25
BRDA:10,0,0,7
BRDA:10,0,1,7
BRDA:10,0,2,7
BRDA:25,1,0,1
BRDA:40,2,0,0
BRF:5
BRH:4
end_of_record
TN:
SF:src\main\webapp\app\admin\logs\logs.service.ts
FN:6,(anonymous_8)
FN:7,(anonymous_10)
FN:11,(anonymous_11)
FNF:3
FNH:3
FNDA:8,(anonymous_8)
FNDA:1,(anonymous_10)
FNDA:6,(anonymous_11)
DA:1,1
DA:2,1
DA:3,1
DA:6,1
DA:7,1
DA:8,1
DA:11,1
DA:12,6
DA:14,1
LF:9
LH:9
BRF:0
BRH:0
end_of_record
TN:
SF:src\main\webapp\app\admin\logs\logs.vue
FN:8,(anonymous_10)
FN:15,(anonymous_12)
FN:19,(anonymous_13)
FN:20,(anonymous_14)
FN:27,(anonymous_15)
FN:28,(anonymous_16)
FN:35,(anonymous_17)
FN:40,(anonymous_18)
FNF:8
FNH:8
FNDA:5,(anonymous_10)
FNDA:4,(anonymous_12)
FNDA:6,(anonymous_13)
FNDA:6,(anonymous_14)
FNDA:1,(anonymous_15)
FNDA:1,(anonymous_16)
FNDA:1,(anonymous_17)
FNDA:6,(anonymous_18)
DA:1,1
DA:2,1
DA:8,5
DA:9,1
DA:10,4
DA:11,4
DA:12,4
DA:13,4
DA:15,1
DA:16,4
DA:19,6
DA:20,6
DA:23,6
DA:27,1
DA:28,1
DA:31,1
DA:35,1
DA:36,1
DA:37,1
DA:40,1
DA:41,6
DA:42,6
DA:43,0
DA:44,0
DA:45,0
DA:49,1
LF:26
LH:23
BRDA:8,0,0,4
BRDA:8,0,1,4
BRDA:8,0,2,4
BRDA:42,1,0,0
BRF:4
BRH:3
end_of_record
TN:
SF:src\main\webapp\app\admin\metrics\metrics-modal.vue
FN:7,(anonymous_10)
FN:22,(anonymous_13)
FN:38,(anonymous_14)
FNF:3
FNH:3
FNDA:8,(anonymous_10)
FNDA:6,(anonymous_13)
FNDA:11,(anonymous_14)
DA:1,2
DA:2,2
DA:7,8
DA:8,2
DA:11,6
DA:13,2
DA:14,7
DA:21,7
DA:22,1
DA:23,6
DA:24,1
DA:25,5
DA:26,1
DA:27,4
DA:28,1
DA:29,3
DA:30,2
DA:33,1
DA:35,7
DA:38,2
DA:39,11
DA:40,2
DA:41,9
DA:42,2
DA:43,7
DA:44,2
DA:45,5
DA:46,3
DA:49,2
LF:29
LH:29
BRDA:7,0,0,6
BRDA:7,0,1,6
BRDA:7,0,2,6
BRDA:21,1,0,1
BRDA:23,2,0,1
BRDA:23,2,1,5
BRDA:25,3,0,1
BRDA:25,3,1,4
BRDA:27,4,0,1
BRDA:27,4,1,3
BRDA:29,5,0,2
BRDA:39,6,0,2
BRDA:39,6,1,9
BRDA:41,7,0,2
BRDA:41,7,1,7
BRDA:43,8,0,2
BRDA:43,8,1,5
BRDA:45,9,0,3
BRF:18
BRH:18
end_of_record
TN:
SF:src\main\webapp\app\admin\metrics\metrics.service.ts
FN:3,(anonymous_1)
FN:4,(anonymous_3)
FN:8,(anonymous_4)
FNF:3
FNH:3
FNDA:7,(anonymous_1)
FNDA:3,(anonymous_3)
FNDA:3,(anonymous_4)
DA:1,1
DA:3,1
DA:4,1
DA:5,3
DA:8,1
DA:9,3
DA:11,1
LF:7
LH:7
BRF:0
BRH:0
end_of_record
TN:
SF:src\main\webapp\app\admin\metrics\metrics.vue
FN:11,(anonymous_10)
FN:19,(anonymous_12)
FN:23,(anonymous_13)
FN:24,(anonymous_14)
FN:28,(anonymous_15)
FN:42,(anonymous_16)
FN:61,(anonymous_17)
FN:65,(anonymous_18)
FN:71,(anonymous_19)
FN:77,(anonymous_20)
FN:84,(anonymous_21)
FN:88,(anonymous_22)
FN:92,(anonymous_23)
FN:117,(anonymous_24)
FN:121,(anonymous_25)
FNF:15
FNH:13
FNDA:3,(anonymous_10)
FNDA:2,(anonymous_12)
FNDA:3,(anonymous_13)
FNDA:3,(anonymous_14)
FNDA:3,(anonymous_15)
FNDA:1,(anonymous_16)
FNDA:2,(anonymous_17)
FNDA:0,(anonymous_18)
FNDA:0,(anonymous_19)
FNDA:19,(anonymous_20)
FNDA:35,(anonymous_21)
FNDA:49,(anonymous_22)
FNDA:1,(anonymous_23)
FNDA:4,(anonymous_24)
FNDA:1,(anonymous_25)
DA:1,1
DA:2,1
DA:4,1
DA:11,3
DA:12,2
DA:13,2
DA:14,2
DA:15,2
DA:16,1
DA:19,1
DA:20,2
DA:23,3
DA:24,3
DA:27,3
DA:28,3
DA:31,3
DA:32,3
DA:34,3
DA:42,3
DA:43,1
DA:44,1
DA:45,0
DA:46,0
DA:47,0
DA:48,0
DA:49,0
DA:50,0
DA:54,1
DA:60,1
DA:63,2
DA:67,0
DA:71,1
DA:72,0
DA:73,0
DA:77,1
DA:78,19
DA:79,9
DA:81,10
DA:84,1
DA:85,35
DA:88,1
DA:89,49
DA:92,1
DA:93,1
DA:101,1
DA:102,1
DA:103,1
DA:104,6
DA:105,2
DA:106,1
DA:108,1
DA:110,2
DA:111,2
DA:114,1
DA:117,1
DA:118,4
DA:121,1
DA:122,1
DA:124,1
LF:59
LH:50
BRDA:11,0,0,2
BRDA:11,0,1,2
BRDA:11,0,2,2
BRDA:43,1,0,1
BRDA:43,1,1,0
BRDA:45,2,0,0
BRDA:45,2,1,0
BRDA:47,3,0,0
BRDA:47,3,1,0
BRDA:49,4,0,0
BRDA:72,5,0,0
BRDA:78,6,0,9
BRDA:104,7,0,2
BRDA:105,8,0,1
BRDA:105,8,1,1
BRDA:118,9,0,4
BRDA:118,9,1,4
BRDA:122,10,0,1
BRDA:122,10,1,1
BRF:19
BRH:12
end_of_record
TN:
SF:src\main\webapp\app\admin\user-management\user-management-edit.vue
FN:7,(anonymous_9)
FN:39,(anonymous_10)
FN:57,JhiUserManagementEdit
FN:48,(anonymous_12)
FN:49,(anonymous_13)
FN:63,(anonymous_14)
FN:64,(anonymous_15)
FN:71,(anonymous_16)
FN:72,(anonymous_17)
FN:79,(anonymous_18)
FN:83,(anonymous_19)
FN:86,(anonymous_20)
FN:97,(anonymous_21)
FN:104,(anonymous_22)
FN:115,(anonymous_23)
FN:123,(anonymous_24)
FN:128,(anonymous_25)
FNF:17
FNH:11
FNDA:0,(anonymous_9)
FNDA:1,(anonymous_10)
FNDA:4,JhiUserManagementEdit
FNDA:0,(anonymous_12)
FNDA:0,(anonymous_13)
FNDA:1,(anonymous_14)
FNDA:1,(anonymous_15)
FNDA:1,(anonymous_16)
FNDA:1,(anonymous_17)
FNDA:0,(anonymous_18)
FNDA:2,(anonymous_19)
FNDA:1,(anonymous_20)
FNDA:0,(anonymous_21)
FNDA:1,(anonymous_22)
FNDA:0,(anonymous_23)
FNDA:2,(anonymous_24)
FNDA:2,(anonymous_25)
DA:1,1
DA:2,1
DA:4,1
DA:7,1
DA:8,0
DA:9,0
DA:11,0
DA:14,1
DA:39,1
DA:40,1
DA:41,1
DA:44,4
DA:45,4
DA:46,4
DA:48,1
DA:49,0
DA:50,0
DA:51,0
DA:52,0
DA:57,4
DA:59,4
DA:60,4
DA:63,1
DA:64,1
DA:67,1
DA:71,1
DA:72,1
DA:75,1
DA:79,1
DA:80,0
DA:83,2
DA:84,2
DA:85,2
DA:86,1
DA:89,1
DA:90,1
DA:99,0
DA:100,0
DA:103,1
DA:104,1
DA:107,1
DA:108,1
DA:117,0
DA:118,0
DA:123,1
DA:124,2
DA:125,2
DA:128,1
DA:129,2
DA:131,1
LF:50
LH:38
BRDA:8,0,0,0
BRDA:57,1,0,4
BRDA:57,1,1,4
BRDA:51,2,0,0
BRDA:85,3,0,1
BRDA:85,3,1,1
BRF:6
BRH:4
end_of_record
TN:
SF:src\main\webapp\app\admin\user-management\user-management-view.vue
FN:7,(anonymous_10)
FN:13,(anonymous_12)
FN:14,(anonymous_13)
FN:20,(anonymous_14)
FN:21,(anonymous_15)
FN:25,(anonymous_16)
FNF:6
FNH:3
FNDA:2,(anonymous_10)
FNDA:0,(anonymous_12)
FNDA:0,(anonymous_13)
FNDA:1,(anonymous_14)
FNDA:1,(anonymous_15)
FNDA:0,(anonymous_16)
DA:1,1
DA:2,1
DA:7,3
DA:8,1
DA:9,1
DA:11,1
DA:13,1
DA:14,0
DA:15,0
DA:16,0
DA:20,1
DA:21,1
DA:24,1
DA:27,0
DA:30,1
LF:15
LH:11
BRDA:7,0,0,1
BRDA:7,0,1,1
BRDA:7,0,2,1
BRDA:15,1,0,0
BRF:4
BRH:3
end_of_record
TN:
SF:src\main\webapp\app\admin\user-management\user-management.service.ts
FN:5,(anonymous_1)
FN:6,(anonymous_3)
FN:10,(anonymous_4)
FN:14,(anonymous_5)
FN:18,(anonymous_6)
FN:22,(anonymous_7)
FN:26,(anonymous_8)
FNF:7
FNH:7
FNDA:18,(anonymous_1)
FNDA:2,(anonymous_3)
FNDA:1,(anonymous_4)
FNDA:2,(anonymous_5)
FNDA:1,(anonymous_6)
FNDA:8,(anonymous_7)
FNDA:1,(anonymous_8)
DA:1,3
DA:2,3
DA:5,3
DA:6,3
DA:7,2
DA:10,3
DA:11,1
DA:14,3
DA:15,2
DA:18,3
DA:19,1
DA:22,3
DA:23,8
DA:26,3
DA:27,1
DA:29,3
LF:16
LH:16
BRF:0
BRH:0
end_of_record
TN:
SF:src\main\webapp\app\admin\user-management\user-management.vue
FN:9,(anonymous_10)
FN:26,(anonymous_12)
FN:30,(anonymous_13)
FN:32,(anonymous_14)
FN:38,(anonymous_15)
FN:46,(anonymous_16)
FN:50,(anonymous_17)
FN:60,(anonymous_18)
FN:66,(anonymous_19)
FN:70,(anonymous_20)
FN:78,(anonymous_21)
FN:85,(anonymous_22)
FN:89,(anonymous_23)
FN:95,(anonymous_24)
FN:96,(anonymous_25)
FN:110,(anonymous_26)
FN:116,(anonymous_27)
FN:123,(anonymous_28)
FNF:18
FNH:14
FNDA:5,(anonymous_10)
FNDA:4,(anonymous_12)
FNDA:1,(anonymous_13)
FNDA:1,(anonymous_14)
FNDA:0,(anonymous_15)
FNDA:8,(anonymous_16)
FNDA:8,(anonymous_17)
FNDA:0,(anonymous_18)
FNDA:0,(anonymous_19)
FNDA:8,(anonymous_20)
FNDA:20,(anonymous_21)
FNDA:1,(anonymous_22)
FNDA:1,(anonymous_23)
FNDA:1,(anonymous_24)
FNDA:1,(anonymous_25)
FNDA:0,(anonymous_26)
FNDA:1,(anonymous_27)
FNDA:1,(anonymous_28)
DA:1,1
DA:2,1
DA:9,5
DA:10,1
DA:11,1
DA:13,4
DA:14,4
DA:15,4
DA:16,4
DA:17,4
DA:18,4
DA:19,4
DA:20,4
DA:21,4
DA:22,4
DA:23,4
DA:24,4
DA:26,1
DA:27,4
DA:30,1
DA:31,1
DA:32,1
DA:35,1
DA:36,1
DA:37,1
DA:40,0
DA:41,0
DA:42,0
DA:46,8
DA:47,8
DA:49,8
DA:56,8
DA:57,8
DA:58,8
DA:59,8
DA:62,0
DA:66,1
DA:67,0
DA:70,1
DA:71,8
DA:72,8
DA:73,1
DA:75,8
DA:78,1
DA:79,20
DA:80,0
DA:81,0
DA:85,1
DA:86,1
DA:89,1
DA:90,1
DA:91,1
DA:92,1
DA:95,1
DA:96,1
DA:99,1
DA:100,1
DA:107,1
DA:108,1
DA:109,1
DA:112,0
DA:116,1
DA:117,1
DA:118,1
DA:119,0
DA:123,1
DA:124,1
DA:125,0
DA:129,1
DA:130,0
DA:132,1
LF:71
LH:60
BRDA:9,0,0,4
BRDA:9,0,1,4
BRDA:9,0,2,4
BRDA:71,1,0,1
BRDA:71,1,1,7
BRDA:72,2,0,1
BRDA:79,3,0,0
BRDA:118,4,0,0
BRDA:124,5,0,0
BRDA:130,6,0,0
BRDA:130,6,1,0
BRF:11
BRH:6
end_of_record
TN:
SF:src\main\webapp\app\core\error\error.vue
FN:6,(anonymous_10)
FN:13,(anonymous_12)
FN:14,(anonymous_13)
FN:35,(anonymous_14)
FNF:4
FNH:4
FNDA:8,(anonymous_10)
FNDA:3,(anonymous_12)
FNDA:3,(anonymous_13)
FNDA:7,(anonymous_14)
DA:1,1
DA:2,1
DA:6,9
DA:7,1
DA:9,7
DA:10,7
DA:11,7
DA:13,1
DA:14,3
DA:15,3
DA:16,3
DA:17,3
DA:19,3
DA:20,1
DA:23,3
DA:24,1
DA:27,3
DA:28,1
DA:31,3
DA:35,24
DA:36,7
DA:37,7
DA:38,7
DA:40,7
DA:41,2
DA:44,1
LF:26
LH:26
BRDA:6,0,0,7
BRDA:6,0,1,7
BRDA:6,0,2,7
BRDA:19,1,0,1
BRDA:23,2,0,1
BRDA:27,3,0,1
BRDA:35,4,0,3
BRDA:40,5,0,2
BRDA:40,6,0,7
BRDA:40,6,1,7
BRF:10
BRH:10
end_of_record
TN:
SF:src\main\webapp\app\core\home\home.vue
FN:6,(anonymous_10)
FN:10,(anonymous_12)
FNF:2
FNH:2
FNDA:6,(anonymous_10)
FNDA:1,(anonymous_12)
DA:1,3
DA:2,3
DA:6,6
DA:7,3
DA:10,3
DA:11,1
DA:14,3
DA:15,5
DA:18,3
DA:19,4
DA:21,3
LF:11
LH:11
BRDA:19,0,0,12
BRDA:19,0,1,11
BRF:2
BRH:2
end_of_record
TN:
SF:src\main\webapp\app\core\jhi-navbar\jhi-navbar.vue
FN:12,(anonymous_12)
FN:22,(anonymous_14)
FN:24,(anonymous_15)
FN:26,(anonymous_16)
FN:31,(anonymous_17)
FN:41,(anonymous_18)
FN:49,(anonymous_20)
FN:50,(anonymous_21)
FNF:8
FNH:8
FNDA:8,(anonymous_12)
FNDA:7,(anonymous_14)
FNDA:46,(anonymous_15)
FNDA:46,(anonymous_16)
FNDA:1,(anonymous_17)
FNDA:1,(anonymous_18)
FNDA:34,(anonymous_20)
FNDA:34,(anonymous_21)
DA:1,1
DA:5,1
DA:12,8
DA:13,1
DA:16,1
DA:17,7
DA:18,7
DA:19,7
DA:20,7
DA:22,1
DA:24,46
DA:25,46
DA:26,46
DA:27,46
DA:31,1
DA:32,1
DA:33,1
DA:34,1
DA:35,1
DA:36,0
DA:38,1
DA:41,1
DA:42,1
DA:45,1
DA:46,15
DA:49,34
DA:50,34
DA:53,34
DA:54,8
DA:57,34
DA:60,1
DA:61,9
DA:64,1
DA:65,2
DA:67,1
LF:35
LH:34
BRDA:12,0,0,7
BRDA:12,0,1,7
BRDA:12,0,2,7
BRDA:25,1,0,1
BRDA:25,1,1,45
BRDA:35,2,0,0
BRDA:53,3,0,8
BRDA:57,4,0,60
BRDA:57,4,1,42
BRF:9
BRH:8
end_of_record
TN:
SF:src\main\webapp\app\core\ribbon\ribbon.vue
FN:4,(anonymous_8)
FNF:1
FNH:1
FNDA:2,(anonymous_8)
DA:1,1
DA:4,2
DA:5,1
DA:6,1
DA:9,1
DA:10,4
DA:12,1
LF:7
LH:7
BRDA:10,0,0,4
BRDA:10,0,1,2
BRF:2
BRH:2
end_of_record
TN:
SF:src\main\webapp\app\entities\entities-menu.vue
FN:4,(anonymous_8)
FNF:1
FNH:1
FNDA:1,(anonymous_8)
DA:1,1
DA:4,4
LF:2
LH:2
BRF:0
BRH:0
end_of_record
TN:
SF:src\main\webapp\app\shared\alert\alert.service.ts
FN:3,(anonymous_0)
FN:4,(anonymous_2)
FN:15,(anonymous_3)
FNF:3
FNH:3
FNDA:10,(anonymous_0)
FNDA:6,(anonymous_2)
FNDA:5,(anonymous_3)
DA:3,4
DA:4,4
DA:5,6
DA:6,6
DA:15,4
DA:16,5
DA:18,1
DA:19,1
DA:22,2
DA:23,2
DA:24,4
DA:25,4
DA:26,1
DA:29,2
DA:30,1
DA:31,1
DA:32,1
DA:34,0
DA:36,2
DA:40,1
DA:41,1
DA:44,1
DA:47,4
LF:23
LH:22
BRDA:16,0,0,1
BRDA:16,0,1,2
BRDA:16,0,2,1
BRDA:16,0,3,1
BRDA:25,1,0,1
BRDA:29,2,0,1
BRDA:29,2,1,1
BRDA:31,3,0,1
BRDA:31,3,1,0
BRDA:31,4,0,1
BRDA:31,4,1,1
BRF:11
BRH:10
end_of_record
TN:
SF:src\main\webapp\app\shared\config\axios-interceptor.ts
FN:4,(anonymous_1)
FN:16,(anonymous_2)
FN:17,(anonymous_3)
FN:30,(anonymous_4)
FNF:4
FNH:4
FNDA:8,(anonymous_1)
FNDA:3,(anonymous_2)
FNDA:5,(anonymous_3)
FNDA:1,(anonymous_4)
DA:1,1
DA:3,1
DA:4,1
DA:5,8
DA:6,8
DA:7,8
DA:8,2
DA:10,8
DA:12,8
DA:13,8
DA:14,8
DA:16,1
DA:17,3
DA:18,5
DA:19,5
DA:20,1
DA:22,4
DA:23,1
DA:25,3
DA:28,3
DA:29,3
DA:30,3
DA:34,1
LF:23
LH:23
BRDA:5,0,0,8
BRDA:5,0,1,0
BRDA:6,1,0,8
BRDA:7,2,0,2
BRDA:18,3,0,5
BRDA:18,3,1,5
BRDA:19,4,0,1
BRDA:19,5,0,5
BRDA:19,5,1,5
BRDA:22,6,0,1
BRDA:28,7,0,3
BRF:11
BRH:10
end_of_record
TN:
SF:src\main\webapp\app\shared\config\config.ts
FN:49,initVueApp
FN:56,initFortAwesome
FN:98,initVueXStore
FNF:3
FNH:2
FNDA:20,initVueApp
FNDA:0,initFortAwesome
FNDA:25,initVueXStore
DA:1,21
DA:3,21
DA:4,21
DA:5,21
DA:6,21
DA:7,21
DA:8,21
DA:9,21
DA:10,21
DA:11,21
DA:12,21
DA:13,21
DA:14,21
DA:15,21
DA:16,21
DA:17,21
DA:18,21
DA:19,21
DA:20,21
DA:21,21
DA:22,21
DA:23,21
DA:24,21
DA:25,21
DA:26,21
DA:27,21
DA:28,21
DA:29,21
DA:30,21
DA:31,21
DA:32,21
DA:33,21
DA:34,21
DA:35,21
DA:36,21
DA:37,21
DA:38,21
DA:39,21
DA:40,21
DA:42,21
DA:43,21
DA:44,21
DA:46,21
DA:47,21
DA:49,21
DA:50,20
DA:51,20
DA:52,20
DA:53,20
DA:56,21
DA:57,0
DA:98,21
DA:99,25
DA:100,25
LF:54
LH:53
BRF:0
BRH:0
end_of_record
TN:
SF:src\main\webapp\app\shared\config\store\account-store.ts
FN:22,(anonymous_2)
FN:23,(anonymous_3)
FN:24,(anonymous_4)
FN:25,(anonymous_5)
FN:26,(anonymous_6)
FN:29,(anonymous_7)
FN:32,(anonymous_8)
FN:37,(anonymous_9)
FN:42,(anonymous_10)
FN:45,(anonymous_11)
FNF:10
FNH:10
FNDA:4,(anonymous_2)
FNDA:12,(anonymous_3)
FNDA:13,(anonymous_4)
FNDA:5,(anonymous_5)
FNDA:5,(anonymous_6)
FNDA:3,(anonymous_7)
FNDA:13,(anonymous_8)
FNDA:4,(anonymous_9)
FNDA:4,(anonymous_10)
FNDA:6,(anonymous_11)
DA:11,21
DA:19,21
DA:22,4
DA:23,12
DA:24,13
DA:25,5
DA:26,5
DA:30,3
DA:33,13
DA:34,13
DA:35,13
DA:38,4
DA:39,4
DA:40,4
DA:43,4
DA:46,6
LF:16
LH:16
BRF:0
BRH:0
end_of_record
TN:
SF:src\main\webapp\app\shared\data\data-utils.service.ts
FN:7,(anonymous_7)
FN:11,(anonymous_9)
FN:21,(anonymous_10)
FN:28,(anonymous_11)
FN:41,(anonymous_12)
FN:48,(anonymous_13)
FN:51,(anonymous_14)
FN:60,(anonymous_15)
FN:74,(anonymous_16)
FN:78,(anonymous_17)
FN:88,(anonymous_18)
FN:92,(anonymous_19)
FN:96,(anonymous_20)
FN:102,(anonymous_21)
FN:112,(anonymous_22)
FN:132,(anonymous_23)
FN:142,(anonymous_24)
FN:149,(anonymous_25)
FNF:18
FNH:12
FNDA:15,(anonymous_7)
FNDA:2,(anonymous_9)
FNDA:1,(anonymous_10)
FNDA:1,(anonymous_11)
FNDA:0,(anonymous_12)
FNDA:0,(anonymous_13)
FNDA:0,(anonymous_14)
FNDA:1,(anonymous_15)
FNDA:8,(anonymous_16)
FNDA:4,(anonymous_17)
FNDA:1,(anonymous_18)
FNDA:1,(anonymous_19)
FNDA:0,(anonymous_20)
FNDA:0,(anonymous_21)
FNDA:0,(anonymous_22)
FNDA:5,(anonymous_23)
FNDA:6,(anonymous_24)
FNDA:15,(anonymous_25)
DA:1,1
DA:7,1
DA:11,4
DA:12,2
DA:13,1
DA:15,1
DA:21,1
DA:22,1
DA:28,1
DA:29,1
DA:30,1
DA:31,1
DA:32,3
DA:34,1
DA:35,1
DA:38,1
DA:39,1
DA:40,1
DA:41,1
DA:48,1
DA:49,0
DA:50,0
DA:51,0
DA:52,0
DA:53,0
DA:60,1
DA:61,1
DA:62,1
DA:63,1
DA:65,1
DA:66,1
DA:68,1
DA:69,0
DA:74,1
DA:75,8
DA:78,1
DA:79,4
DA:80,1
DA:82,3
DA:83,1
DA:85,2
DA:88,1
DA:89,1
DA:92,1
DA:93,1
DA:96,1
DA:97,0
DA:98,0
DA:99,0
DA:100,0
DA:102,0
DA:103,0
DA:104,0
DA:112,1
DA:113,0
DA:114,0
DA:115,0
DA:116,0
DA:118,0
DA:119,0
DA:122,0
DA:123,0
DA:124,0
DA:125,0
DA:126,0
DA:132,1
DA:133,5
DA:135,5
DA:136,3
DA:139,2
DA:142,2
DA:143,6
DA:144,3
DA:146,3
DA:147,3
DA:148,3
DA:149,3
DA:150,15
DA:152,3
DA:153,3
DA:154,3
DA:156,3
DA:157,3
DA:159,2
DA:161,1
LF:85
LH:61
BRDA:11,0,0,2
BRDA:12,1,0,1
BRDA:15,2,0,1
BRDA:15,2,1,0
BRDA:40,3,0,1
BRDA:61,4,0,1
BRDA:61,5,0,1
BRDA:61,5,1,1
BRDA:61,5,2,1
BRDA:62,6,0,1
BRDA:65,7,0,1
BRDA:68,8,0,0
BRDA:68,9,0,1
BRDA:68,9,1,0
BRDA:68,9,2,0
BRDA:79,10,0,1
BRDA:82,11,0,1
BRDA:97,12,0,0
BRDA:97,13,0,0
BRDA:97,13,1,0
BRDA:97,13,2,0
BRDA:99,14,0,0
BRDA:99,15,0,0
BRDA:99,15,1,0
BRDA:135,16,0,3
BRDA:135,17,0,5
BRDA:135,17,1,5
BRDA:143,18,0,3
BRDA:153,19,0,3
BRF:29
BRH:18
end_of_record
TN:
SF:src\main\webapp\app\shared\date\filters.ts
FN:9,initFilters
FN:10,(anonymous_2)
FN:16,(anonymous_3)
FNF:3
FNH:2
FNDA:20,initFilters
FNDA:3,(anonymous_2)
FNDA:0,(anonymous_3)
DA:1,21
DA:2,21
DA:4,21
DA:5,21
DA:7,21
DA:9,21
DA:10,20
DA:11,3
DA:12,1
DA:14,2
DA:16,20
DA:17,0
DA:18,0
DA:19,0
DA:20,0
DA:22,0
DA:24,0
LF:17
LH:11
BRDA:11,0,0,1
BRDA:17,1,0,0
BRDA:19,2,0,0
BRF:3
BRH:1
end_of_record
TN:
SF:src\main\webapp\app\shared\model\user.model.ts
FN:17,(anonymous_0)
FN:18,User
FNF:2
FNH:2
FNDA:1,(anonymous_0)
FNDA:4,User
DA:17,1
DA:19,4
DA:20,4
DA:21,4
DA:22,4
DA:23,4
DA:24,4
DA:25,4
DA:26,4
DA:27,4
DA:28,4
DA:29,4
DA:30,4
DA:31,4
DA:33,1
LF:15
LH:15
BRF:0
BRH:0
end_of_record
TN:
SF:src\main\webapp\app\shared\security\authority.ts
FN:1,(anonymous_0)
FNF:1
FNH:1
FNDA:4,(anonymous_0)
DA:1,4
DA:2,4
DA:3,4
LF:3
LH:3
BRDA:1,0,0,4
BRDA:1,0,1,4
BRF:2
BRH:2
end_of_record
TN:
SF:src\main\webapp\app\shared\sort\sorts.ts
FN:1,buildPaginationQueryOpts
FNF:1
FNH:1
FNDA:9,buildPaginationQueryOpts
DA:1,4
DA:2,9
DA:3,8
DA:4,9
DA:5,9
DA:6,1
DA:8,9
DA:10,8
DA:12,1
LF:9
LH:9
BRDA:2,0,0,8
BRDA:5,1,0,1
BRF:2
BRH:2
end_of_record
